2019-12-25 08:38:38.983 log message -> Starting AqmsWebApplication on PC-20190708MDDO with PID 7304 (E:\gitworkspace\aqms-web\target\classes started by Administrator in E:\gitworkspace\aqms-web)
2019-12-25 08:38:38.993 log message -> The following profiles are active: dev
2019-12-25 08:38:41.386 log message -> Multiple Spring Data modules found, entering strict repository configuration mode!
2019-12-25 08:38:41.394 log message -> Bootstrapping Spring Data Redis repositories in DEFAULT mode.
2019-12-25 08:38:41.537 log message -> Finished Spring Data repository scanning in 96ms. Found 0 Redis repository interfaces.
2019-12-25 08:38:42.307 log message -> Bean 'org.springframework.security.config.annotation.configuration.ObjectPostProcessorConfiguration' of type [org.springframework.security.config.annotation.configuration.ObjectPostProcessorConfiguration] is not eligible for getting processed by all BeanPostProcessors (for example: not eligible for auto-proxying)
2019-12-25 08:38:42.328 log message -> Bean 'org.springframework.transaction.annotation.ProxyTransactionManagementConfiguration' of type [org.springframework.transaction.annotation.ProxyTransactionManagementConfiguration] is not eligible for getting processed by all BeanPostProcessors (for example: not eligible for auto-proxying)
2019-12-25 08:38:42.420 log message -> Bean 'objectPostProcessor' of type [org.springframework.security.config.annotation.configuration.AutowireBeanFactoryObjectPostProcessor] is not eligible for getting processed by all BeanPostProcessors (for example: not eligible for auto-proxying)
2019-12-25 08:38:42.432 log message -> Bean 'org.springframework.security.access.expression.method.DefaultMethodSecurityExpressionHandler@7ff8a9dc' of type [org.springframework.security.access.expression.method.DefaultMethodSecurityExpressionHandler] is not eligible for getting processed by all BeanPostProcessors (for example: not eligible for auto-proxying)
2019-12-25 08:38:42.436 log message -> Bean 'org.springframework.security.config.annotation.method.configuration.GlobalMethodSecurityConfiguration' of type [org.springframework.security.config.annotation.method.configuration.GlobalMethodSecurityConfiguration] is not eligible for getting processed by all BeanPostProcessors (for example: not eligible for auto-proxying)
2019-12-25 08:38:42.450 log message -> Bean 'methodSecurityMetadataSource' of type [org.springframework.security.access.method.DelegatingMethodSecurityMetadataSource] is not eligible for getting processed by all BeanPostProcessors (for example: not eligible for auto-proxying)
2019-12-25 08:38:43.051 log message -> Tomcat initialized with port(s): 8989 (http)
2019-12-25 08:38:43.069 log message -> Initializing ProtocolHandler ["http-nio-8989"]
2019-12-25 08:38:43.070 log message -> Starting service [Tomcat]
2019-12-25 08:38:43.070 log message -> Starting Servlet engine: [Apache Tomcat/9.0.29]
2019-12-25 08:38:43.251 log message -> Initializing Spring embedded WebApplicationContext
2019-12-25 08:38:43.251 log message -> Root WebApplicationContext: initialization completed in 3813 ms
2019-12-25 08:38:46.703 log message -> Creating filter chain: any request, [org.springframework.security.web.context.request.async.WebAsyncManagerIntegrationFilter@66f2ec1c, org.springframework.security.web.context.SecurityContextPersistenceFilter@5e385b6f, org.springframework.security.web.header.HeaderWriterFilter@4cecc15a, org.springframework.security.web.authentication.logout.LogoutFilter@36df4c26, com.osen.aqms.webSecurity.config.JwtAuthenticationTokenFilter@71560f51, org.springframework.security.web.authentication.UsernamePasswordAuthenticationFilter@76828577, org.springframework.security.web.savedrequest.RequestCacheAwareFilter@45dde6ac, org.springframework.security.web.servletapi.SecurityContextHolderAwareRequestFilter@1187dc82, org.springframework.security.web.authentication.AnonymousAuthenticationFilter@b3fc6d8, org.springframework.security.web.session.SessionManagementFilter@4d4df0f4, org.springframework.security.web.access.ExceptionTranslationFilter@1682e6a, org.springframework.security.web.access.intercept.FilterSecurityInterceptor@19bf47fc]
2019-12-25 08:38:46.999 log message -> Initializing ExecutorService 'applicationTaskExecutor'
2019-12-25 08:38:47.597 log message -> Initializing ExecutorService 'taskScheduler'
2019-12-25 08:38:47.712 log message -> Starting ProtocolHandler ["http-nio-8989"]
2019-12-25 08:38:47.749 log message -> Tomcat started on port(s): 8989 (http) with context path ''
2019-12-25 08:38:47.753 log message -> Started AqmsWebApplication in 11.864 seconds (JVM running for 16.467)
2019-12-25 08:38:58.891 log message -> Initializing Spring DispatcherServlet 'dispatcherServlet'
2019-12-25 08:38:58.891 log message -> Initializing Servlet 'dispatcherServlet'
2019-12-25 08:38:58.907 log message -> Completed initialization in 15 ms
2019-12-25 08:38:59.222 log message -> DatebookHikariCP - Starting...
2019-12-25 08:38:59.607 log message -> DatebookHikariCP - Start completed.
2019-12-25 08:38:59.878 log message -> User login successful......
2019-12-25 08:39:00.130 log message -> Starting without optional epoll library
2019-12-25 08:39:00.133 log message -> Starting without optional kqueue library
2019-12-25 08:39:00.900 log message -> User is not logged in, please log in
2019-12-25 08:39:18.450 log message -> User login successful......
2019-12-25 08:39:18.589 log message -> User is not logged in, please log in
2019-12-25 08:39:49.891 log message -> User login successful......
2019-12-25 08:39:50.022 log message -> User is not logged in, please log in
2019-12-25 08:39:51.427 log message -> User login successful......
2019-12-25 08:39:51.572 log message -> User is not logged in, please log in
2019-12-25 08:40:03.501 log message -> User login successful......
2019-12-25 08:40:03.638 log message -> User is not logged in, please log in
2019-12-25 08:40:09.877 log message -> Shutting down ExecutorService 'taskScheduler'
2019-12-25 08:40:09.880 log message -> Shutting down ExecutorService 'applicationTaskExecutor'
2019-12-25 08:40:09.883 log message -> DatebookHikariCP - Shutdown initiated...
2019-12-25 08:40:09.892 log message -> DatebookHikariCP - Shutdown completed.
2019-12-25 08:42:11.064 log message -> Starting AqmsWebApplication on PC-20190708MDDO with PID 9868 (E:\gitworkspace\aqms-web\target\classes started by Administrator in E:\gitworkspace\aqms-web)
2019-12-25 08:42:11.070 log message -> The following profiles are active: dev
2019-12-25 08:42:12.336 log message -> Multiple Spring Data modules found, entering strict repository configuration mode!
2019-12-25 08:42:12.339 log message -> Bootstrapping Spring Data Redis repositories in DEFAULT mode.
2019-12-25 08:42:12.435 log message -> Finished Spring Data repository scanning in 68ms. Found 0 Redis repository interfaces.
2019-12-25 08:42:12.984 log message -> Bean 'org.springframework.security.config.annotation.configuration.ObjectPostProcessorConfiguration' of type [org.springframework.security.config.annotation.configuration.ObjectPostProcessorConfiguration] is not eligible for getting processed by all BeanPostProcessors (for example: not eligible for auto-proxying)
2019-12-25 08:42:12.991 log message -> Bean 'org.springframework.transaction.annotation.ProxyTransactionManagementConfiguration' of type [org.springframework.transaction.annotation.ProxyTransactionManagementConfiguration] is not eligible for getting processed by all BeanPostProcessors (for example: not eligible for auto-proxying)
2019-12-25 08:42:13.038 log message -> Bean 'objectPostProcessor' of type [org.springframework.security.config.annotation.configuration.AutowireBeanFactoryObjectPostProcessor] is not eligible for getting processed by all BeanPostProcessors (for example: not eligible for auto-proxying)
2019-12-25 08:42:13.042 log message -> Bean 'org.springframework.security.access.expression.method.DefaultMethodSecurityExpressionHandler@11900483' of type [org.springframework.security.access.expression.method.DefaultMethodSecurityExpressionHandler] is not eligible for getting processed by all BeanPostProcessors (for example: not eligible for auto-proxying)
2019-12-25 08:42:13.046 log message -> Bean 'org.springframework.security.config.annotation.method.configuration.GlobalMethodSecurityConfiguration' of type [org.springframework.security.config.annotation.method.configuration.GlobalMethodSecurityConfiguration] is not eligible for getting processed by all BeanPostProcessors (for example: not eligible for auto-proxying)
2019-12-25 08:42:13.055 log message -> Bean 'methodSecurityMetadataSource' of type [org.springframework.security.access.method.DelegatingMethodSecurityMetadataSource] is not eligible for getting processed by all BeanPostProcessors (for example: not eligible for auto-proxying)
2019-12-25 08:42:13.454 log message -> Tomcat initialized with port(s): 8989 (http)
2019-12-25 08:42:13.469 log message -> Initializing ProtocolHandler ["http-nio-8989"]
2019-12-25 08:42:13.470 log message -> Starting service [Tomcat]
2019-12-25 08:42:13.471 log message -> Starting Servlet engine: [Apache Tomcat/9.0.29]
2019-12-25 08:42:13.591 log message -> Initializing Spring embedded WebApplicationContext
2019-12-25 08:42:13.592 log message -> Root WebApplicationContext: initialization completed in 2389 ms
2019-12-25 08:42:16.299 log message -> Creating filter chain: any request, [org.springframework.security.web.context.request.async.WebAsyncManagerIntegrationFilter@5e69cf07, org.springframework.security.web.context.SecurityContextPersistenceFilter@2eebce87, org.springframework.security.web.header.HeaderWriterFilter@5fb7ab9c, org.springframework.security.web.authentication.logout.LogoutFilter@22ae905f, com.osen.aqms.webSecurity.config.JwtAuthenticationTokenFilter@18a096b5, org.springframework.security.web.authentication.UsernamePasswordAuthenticationFilter@748904e8, org.springframework.security.web.savedrequest.RequestCacheAwareFilter@6775c0d1, org.springframework.security.web.servletapi.SecurityContextHolderAwareRequestFilter@53bb71e5, org.springframework.security.web.authentication.AnonymousAuthenticationFilter@3d512652, org.springframework.security.web.session.SessionManagementFilter@51eb0e84, org.springframework.security.web.access.ExceptionTranslationFilter@474e34e4, org.springframework.security.web.access.intercept.FilterSecurityInterceptor@23ea8830]
2019-12-25 08:42:16.616 log message -> Initializing ExecutorService 'applicationTaskExecutor'
2019-12-25 08:42:17.154 log message -> Initializing ExecutorService 'taskScheduler'
2019-12-25 08:42:17.264 log message -> Starting ProtocolHandler ["http-nio-8989"]
2019-12-25 08:42:17.305 log message -> Tomcat started on port(s): 8989 (http) with context path ''
2019-12-25 08:42:17.312 log message -> Started AqmsWebApplication in 7.728 seconds (JVM running for 9.291)
2019-12-25 08:42:28.792 log message -> Initializing Spring DispatcherServlet 'dispatcherServlet'
2019-12-25 08:42:28.793 log message -> Initializing Servlet 'dispatcherServlet'
2019-12-25 08:42:28.804 log message -> Completed initialization in 11 ms
2019-12-25 08:42:29.123 log message -> DatebookHikariCP - Starting...
2019-12-25 08:42:29.434 log message -> DatebookHikariCP - Start completed.
2019-12-25 08:42:29.710 log message -> User login successful......
2019-12-25 08:42:29.888 log message -> Starting without optional epoll library
2019-12-25 08:42:29.889 log message -> Starting without optional kqueue library
2019-12-25 08:45:02.265 log message -> User login successful......
2019-12-25 08:51:41.680 log message -> Shutting down ExecutorService 'taskScheduler'
2019-12-25 08:51:41.683 log message -> Shutting down ExecutorService 'applicationTaskExecutor'
2019-12-25 08:51:41.687 log message -> DatebookHikariCP - Shutdown initiated...
2019-12-25 08:51:41.706 log message -> DatebookHikariCP - Shutdown completed.
