2020-01-08 10:01:50.038 log message -> Starting AqmsWebApplicationTests on PC-20190708MDDO with PID 4544 (started by Administrator in E:\gitworkspace\aqms-web)
2020-01-08 10:01:50.044 log message -> The following profiles are active: pro
2020-01-08 10:01:53.090 log message -> Multiple Spring Data modules found, entering strict repository configuration mode!
2020-01-08 10:01:53.102 log message -> Bootstrapping Spring Data Redis repositories in DEFAULT mode.
2020-01-08 10:01:53.314 log message -> Finished Spring Data repository scanning in 181ms. Found 0 Redis repository interfaces.
2020-01-08 10:01:55.169 log message -> Bean 'org.springframework.security.config.annotation.configuration.ObjectPostProcessorConfiguration' of type [org.springframework.security.config.annotation.configuration.ObjectPostProcessorConfiguration] is not eligible for getting processed by all BeanPostProcessors (for example: not eligible for auto-proxying)
2020-01-08 10:01:55.180 log message -> Bean 'org.springframework.transaction.annotation.ProxyTransactionManagementConfiguration' of type [org.springframework.transaction.annotation.ProxyTransactionManagementConfiguration] is not eligible for getting processed by all BeanPostProcessors (for example: not eligible for auto-proxying)
2020-01-08 10:01:55.576 log message -> Bean 'objectPostProcessor' of type [org.springframework.security.config.annotation.configuration.AutowireBeanFactoryObjectPostProcessor] is not eligible for getting processed by all BeanPostProcessors (for example: not eligible for auto-proxying)
2020-01-08 10:01:55.580 log message -> Bean 'org.springframework.security.access.expression.method.DefaultMethodSecurityExpressionHandler@5460b754' of type [org.springframework.security.access.expression.method.DefaultMethodSecurityExpressionHandler] is not eligible for getting processed by all BeanPostProcessors (for example: not eligible for auto-proxying)
2020-01-08 10:01:55.595 log message -> Bean 'org.springframework.security.config.annotation.method.configuration.GlobalMethodSecurityConfiguration' of type [org.springframework.security.config.annotation.method.configuration.GlobalMethodSecurityConfiguration] is not eligible for getting processed by all BeanPostProcessors (for example: not eligible for auto-proxying)
2020-01-08 10:01:55.623 log message -> Bean 'methodSecurityMetadataSource' of type [org.springframework.security.access.method.DelegatingMethodSecurityMetadataSource] is not eligible for getting processed by all BeanPostProcessors (for example: not eligible for auto-proxying)
2020-01-08 10:02:03.100 log message -> Creating filter chain: any request, [org.springframework.security.web.context.request.async.WebAsyncManagerIntegrationFilter@70716259, org.springframework.security.web.context.SecurityContextPersistenceFilter@bd3eff4, org.springframework.security.web.header.HeaderWriterFilter@4d4436d0, org.springframework.security.web.authentication.logout.LogoutFilter@481b2f10, com.osen.aqms.webSecurity.config.JwtAuthenticationTokenFilter@71aaf151, org.springframework.security.web.authentication.UsernamePasswordAuthenticationFilter@4e80a001, org.springframework.security.web.savedrequest.RequestCacheAwareFilter@5934ca1e, org.springframework.security.web.servletapi.SecurityContextHolderAwareRequestFilter@2ba42204, org.springframework.security.web.authentication.AnonymousAuthenticationFilter@7a083b96, org.springframework.security.web.session.SessionManagementFilter@2443abd6, org.springframework.security.web.access.ExceptionTranslationFilter@ab2e6d2, org.springframework.security.web.access.intercept.FilterSecurityInterceptor@531ec978]
2020-01-08 10:02:04.283 log message -> Initializing ExecutorService 'applicationTaskExecutor'
2020-01-08 10:02:05.366 log message -> Initializing ExecutorService 'taskScheduler'
2020-01-08 10:02:05.534 log message -> Started AqmsWebApplicationTests in 16.634 seconds (JVM running for 19.359)
2020-01-08 10:02:06.358 log message -> Shutting down ExecutorService 'taskScheduler'
2020-01-08 10:02:06.360 log message -> Shutting down ExecutorService 'applicationTaskExecutor'
2020-01-08 10:12:19.487 log message -> Starting AqmsWebApplicationTests on PC-20190708MDDO with PID 9324 (started by Administrator in E:\gitworkspace\aqms-web)
2020-01-08 10:12:19.490 log message -> The following profiles are active: pro
2020-01-08 10:12:21.046 log message -> Multiple Spring Data modules found, entering strict repository configuration mode!
2020-01-08 10:12:21.051 log message -> Bootstrapping Spring Data Redis repositories in DEFAULT mode.
2020-01-08 10:12:21.135 log message -> Finished Spring Data repository scanning in 58ms. Found 0 Redis repository interfaces.
2020-01-08 10:12:22.157 log message -> Bean 'org.springframework.security.config.annotation.configuration.ObjectPostProcessorConfiguration' of type [org.springframework.security.config.annotation.configuration.ObjectPostProcessorConfiguration] is not eligible for getting processed by all BeanPostProcessors (for example: not eligible for auto-proxying)
2020-01-08 10:12:22.165 log message -> Bean 'org.springframework.transaction.annotation.ProxyTransactionManagementConfiguration' of type [org.springframework.transaction.annotation.ProxyTransactionManagementConfiguration] is not eligible for getting processed by all BeanPostProcessors (for example: not eligible for auto-proxying)
2020-01-08 10:12:22.399 log message -> Bean 'objectPostProcessor' of type [org.springframework.security.config.annotation.configuration.AutowireBeanFactoryObjectPostProcessor] is not eligible for getting processed by all BeanPostProcessors (for example: not eligible for auto-proxying)
2020-01-08 10:12:22.403 log message -> Bean 'org.springframework.security.access.expression.method.DefaultMethodSecurityExpressionHandler@56a4f272' of type [org.springframework.security.access.expression.method.DefaultMethodSecurityExpressionHandler] is not eligible for getting processed by all BeanPostProcessors (for example: not eligible for auto-proxying)
2020-01-08 10:12:22.419 log message -> Bean 'org.springframework.security.config.annotation.method.configuration.GlobalMethodSecurityConfiguration' of type [org.springframework.security.config.annotation.method.configuration.GlobalMethodSecurityConfiguration] is not eligible for getting processed by all BeanPostProcessors (for example: not eligible for auto-proxying)
2020-01-08 10:12:22.437 log message -> Bean 'methodSecurityMetadataSource' of type [org.springframework.security.access.method.DelegatingMethodSecurityMetadataSource] is not eligible for getting processed by all BeanPostProcessors (for example: not eligible for auto-proxying)
2020-01-08 10:12:26.820 log message -> Creating filter chain: any request, [org.springframework.security.web.context.request.async.WebAsyncManagerIntegrationFilter@4b97b3d2, org.springframework.security.web.context.SecurityContextPersistenceFilter@4c07d1fc, org.springframework.security.web.header.HeaderWriterFilter@4a89ef44, org.springframework.security.web.authentication.logout.LogoutFilter@70716259, com.osen.aqms.webSecurity.config.JwtAuthenticationTokenFilter@5a058be5, org.springframework.security.web.authentication.UsernamePasswordAuthenticationFilter@57f8951a, org.springframework.security.web.savedrequest.RequestCacheAwareFilter@52831a73, org.springframework.security.web.servletapi.SecurityContextHolderAwareRequestFilter@5ac53c06, org.springframework.security.web.authentication.AnonymousAuthenticationFilter@383cb5ce, org.springframework.security.web.session.SessionManagementFilter@1cbc1dde, org.springframework.security.web.access.ExceptionTranslationFilter@415d88de, org.springframework.security.web.access.intercept.FilterSecurityInterceptor@7af0affa]
2020-01-08 10:12:27.603 log message -> Initializing ExecutorService 'applicationTaskExecutor'
2020-01-08 10:12:28.417 log message -> Initializing ExecutorService 'taskScheduler'
2020-01-08 10:12:28.551 log message -> Started AqmsWebApplicationTests in 10.457 seconds (JVM running for 13.065)
2020-01-08 10:12:29.588 log message -> Shutting down ExecutorService 'taskScheduler'
2020-01-08 10:12:29.595 log message -> Shutting down ExecutorService 'applicationTaskExecutor'
2020-01-08 10:15:30.700 log message -> Starting AqmsWebApplication on PC-20190708MDDO with PID 10284 (E:\gitworkspace\aqms-web\target\classes started by Administrator in E:\gitworkspace\aqms-web)
2020-01-08 10:15:30.705 log message -> The following profiles are active: pro
2020-01-08 10:15:32.108 log message -> Multiple Spring Data modules found, entering strict repository configuration mode!
2020-01-08 10:15:32.113 log message -> Bootstrapping Spring Data Redis repositories in DEFAULT mode.
2020-01-08 10:15:32.211 log message -> Finished Spring Data repository scanning in 67ms. Found 0 Redis repository interfaces.
2020-01-08 10:15:32.919 log message -> Bean 'org.springframework.security.config.annotation.configuration.ObjectPostProcessorConfiguration' of type [org.springframework.security.config.annotation.configuration.ObjectPostProcessorConfiguration] is not eligible for getting processed by all BeanPostProcessors (for example: not eligible for auto-proxying)
2020-01-08 10:15:32.927 log message -> Bean 'org.springframework.transaction.annotation.ProxyTransactionManagementConfiguration' of type [org.springframework.transaction.annotation.ProxyTransactionManagementConfiguration] is not eligible for getting processed by all BeanPostProcessors (for example: not eligible for auto-proxying)
2020-01-08 10:15:32.976 log message -> Bean 'objectPostProcessor' of type [org.springframework.security.config.annotation.configuration.AutowireBeanFactoryObjectPostProcessor] is not eligible for getting processed by all BeanPostProcessors (for example: not eligible for auto-proxying)
2020-01-08 10:15:32.980 log message -> Bean 'org.springframework.security.access.expression.method.DefaultMethodSecurityExpressionHandler@529c2a9a' of type [org.springframework.security.access.expression.method.DefaultMethodSecurityExpressionHandler] is not eligible for getting processed by all BeanPostProcessors (for example: not eligible for auto-proxying)
2020-01-08 10:15:32.984 log message -> Bean 'org.springframework.security.config.annotation.method.configuration.GlobalMethodSecurityConfiguration' of type [org.springframework.security.config.annotation.method.configuration.GlobalMethodSecurityConfiguration] is not eligible for getting processed by all BeanPostProcessors (for example: not eligible for auto-proxying)
2020-01-08 10:15:32.992 log message -> Bean 'methodSecurityMetadataSource' of type [org.springframework.security.access.method.DelegatingMethodSecurityMetadataSource] is not eligible for getting processed by all BeanPostProcessors (for example: not eligible for auto-proxying)
2020-01-08 10:15:33.431 log message -> Tomcat initialized with port(s): 8989 (http)
2020-01-08 10:15:33.445 log message -> Initializing ProtocolHandler ["http-nio-8989"]
2020-01-08 10:15:33.446 log message -> Starting service [Tomcat]
2020-01-08 10:15:33.446 log message -> Starting Servlet engine: [Apache Tomcat/9.0.29]
2020-01-08 10:15:33.569 log message -> Initializing Spring embedded WebApplicationContext
2020-01-08 10:15:33.569 log message -> Root WebApplicationContext: initialization completed in 2762 ms
2020-01-08 10:15:36.330 log message -> Creating filter chain: any request, [org.springframework.security.web.context.request.async.WebAsyncManagerIntegrationFilter@2864f887, org.springframework.security.web.context.SecurityContextPersistenceFilter@1ac0cdb0, org.springframework.security.web.header.HeaderWriterFilter@2ba024cb, org.springframework.security.web.authentication.logout.LogoutFilter@18026052, com.osen.aqms.webSecurity.config.JwtAuthenticationTokenFilter@498a612d, org.springframework.security.web.authentication.UsernamePasswordAuthenticationFilter@489f62a3, org.springframework.security.web.savedrequest.RequestCacheAwareFilter@1682e6a, org.springframework.security.web.servletapi.SecurityContextHolderAwareRequestFilter@892af0e, org.springframework.security.web.authentication.AnonymousAuthenticationFilter@4b07cad0, org.springframework.security.web.session.SessionManagementFilter@1c7f6e96, org.springframework.security.web.access.ExceptionTranslationFilter@6ce15112, org.springframework.security.web.access.intercept.FilterSecurityInterceptor@4d67d5a4]
2020-01-08 10:15:36.591 log message -> Initializing ExecutorService 'applicationTaskExecutor'
2020-01-08 10:15:37.147 log message -> Initializing ExecutorService 'taskScheduler'
2020-01-08 10:15:37.262 log message -> Starting ProtocolHandler ["http-nio-8989"]
2020-01-08 10:15:37.303 log message -> Tomcat started on port(s): 8989 (http) with context path ''
2020-01-08 10:15:37.308 log message -> Started AqmsWebApplication in 8.568 seconds (JVM running for 9.969)
2020-01-08 10:16:17.430 log message -> Initializing Spring DispatcherServlet 'dispatcherServlet'
2020-01-08 10:16:17.430 log message -> Initializing Servlet 'dispatcherServlet'
2020-01-08 10:16:17.443 log message -> Completed initialization in 13 ms
2020-01-08 10:16:17.765 log message -> DatebookHikariCP - Starting...
2020-01-08 10:16:18.108 log message -> User login failed.....
2020-01-08 10:16:39.020 log message -> DatebookHikariCP - Starting...
2020-01-08 10:16:39.230 log message -> User login failed.....
2020-01-08 10:17:16.197 log message -> DatebookHikariCP - Starting...
2020-01-08 10:17:16.330 log message -> User login failed.....
2020-01-08 10:17:23.916 log message -> DatebookHikariCP - Starting...
2020-01-08 10:17:24.046 log message -> User login failed.....
2020-01-08 10:17:29.480 log message -> DatebookHikariCP - Starting...
2020-01-08 10:17:29.610 log message -> User login failed.....
2020-01-08 10:17:52.152 log message -> Shutting down ExecutorService 'taskScheduler'
2020-01-08 10:17:52.156 log message -> Shutting down ExecutorService 'applicationTaskExecutor'
2020-01-08 10:17:58.918 log message -> Starting AqmsWebApplication on PC-20190708MDDO with PID 11156 (E:\gitworkspace\aqms-web\target\classes started by Administrator in E:\gitworkspace\aqms-web)
2020-01-08 10:17:58.924 log message -> The following profiles are active: dev
2020-01-08 10:18:00.518 log message -> Multiple Spring Data modules found, entering strict repository configuration mode!
2020-01-08 10:18:00.522 log message -> Bootstrapping Spring Data Redis repositories in DEFAULT mode.
2020-01-08 10:18:00.604 log message -> Finished Spring Data repository scanning in 54ms. Found 0 Redis repository interfaces.
2020-01-08 10:18:01.675 log message -> Bean 'org.springframework.security.config.annotation.configuration.ObjectPostProcessorConfiguration' of type [org.springframework.security.config.annotation.configuration.ObjectPostProcessorConfiguration] is not eligible for getting processed by all BeanPostProcessors (for example: not eligible for auto-proxying)
2020-01-08 10:18:01.686 log message -> Bean 'org.springframework.transaction.annotation.ProxyTransactionManagementConfiguration' of type [org.springframework.transaction.annotation.ProxyTransactionManagementConfiguration] is not eligible for getting processed by all BeanPostProcessors (for example: not eligible for auto-proxying)
2020-01-08 10:18:01.757 log message -> Bean 'objectPostProcessor' of type [org.springframework.security.config.annotation.configuration.AutowireBeanFactoryObjectPostProcessor] is not eligible for getting processed by all BeanPostProcessors (for example: not eligible for auto-proxying)
2020-01-08 10:18:01.762 log message -> Bean 'org.springframework.security.access.expression.method.DefaultMethodSecurityExpressionHandler@3456558' of type [org.springframework.security.access.expression.method.DefaultMethodSecurityExpressionHandler] is not eligible for getting processed by all BeanPostProcessors (for example: not eligible for auto-proxying)
2020-01-08 10:18:01.766 log message -> Bean 'org.springframework.security.config.annotation.method.configuration.GlobalMethodSecurityConfiguration' of type [org.springframework.security.config.annotation.method.configuration.GlobalMethodSecurityConfiguration] is not eligible for getting processed by all BeanPostProcessors (for example: not eligible for auto-proxying)
2020-01-08 10:18:01.778 log message -> Bean 'methodSecurityMetadataSource' of type [org.springframework.security.access.method.DelegatingMethodSecurityMetadataSource] is not eligible for getting processed by all BeanPostProcessors (for example: not eligible for auto-proxying)
2020-01-08 10:18:02.372 log message -> Tomcat initialized with port(s): 8989 (http)
2020-01-08 10:18:02.393 log message -> Initializing ProtocolHandler ["http-nio-8989"]
2020-01-08 10:18:02.394 log message -> Starting service [Tomcat]
2020-01-08 10:18:02.395 log message -> Starting Servlet engine: [Apache Tomcat/9.0.29]
2020-01-08 10:18:02.539 log message -> Initializing Spring embedded WebApplicationContext
2020-01-08 10:18:02.540 log message -> Root WebApplicationContext: initialization completed in 3517 ms
2020-01-08 10:18:05.444 log message -> Creating filter chain: any request, [org.springframework.security.web.context.request.async.WebAsyncManagerIntegrationFilter@6f0a4e30, org.springframework.security.web.context.SecurityContextPersistenceFilter@49190ed6, org.springframework.security.web.header.HeaderWriterFilter@4276ad40, org.springframework.security.web.authentication.logout.LogoutFilter@71f0806b, com.osen.aqms.webSecurity.config.JwtAuthenticationTokenFilter@44aa2e13, org.springframework.security.web.authentication.UsernamePasswordAuthenticationFilter@49889154, org.springframework.security.web.savedrequest.RequestCacheAwareFilter@18715bb, org.springframework.security.web.servletapi.SecurityContextHolderAwareRequestFilter@d62472f, org.springframework.security.web.authentication.AnonymousAuthenticationFilter@50ff7063, org.springframework.security.web.session.SessionManagementFilter@5fb07347, org.springframework.security.web.access.ExceptionTranslationFilter@467ef400, org.springframework.security.web.access.intercept.FilterSecurityInterceptor@5ab7ac02]
2020-01-08 10:18:05.720 log message -> Initializing ExecutorService 'applicationTaskExecutor'
2020-01-08 10:18:06.296 log message -> Initializing ExecutorService 'taskScheduler'
2020-01-08 10:18:06.410 log message -> Starting ProtocolHandler ["http-nio-8989"]
2020-01-08 10:18:06.449 log message -> Tomcat started on port(s): 8989 (http) with context path ''
2020-01-08 10:18:06.454 log message -> Started AqmsWebApplication in 9.544 seconds (JVM running for 10.72)
2020-01-08 10:18:16.999 log message -> Initializing Spring DispatcherServlet 'dispatcherServlet'
2020-01-08 10:18:16.999 log message -> Initializing Servlet 'dispatcherServlet'
2020-01-08 10:18:17.012 log message -> Completed initialization in 13 ms
2020-01-08 10:18:17.334 log message -> DatebookHikariCP - Starting...
2020-01-08 10:18:17.607 log message -> DatebookHikariCP - Start completed.
2020-01-08 10:18:17.874 log message -> User login failed.....
2020-01-08 10:18:23.984 log message -> User login successful......
2020-01-08 10:18:25.231 log message -> Starting without optional epoll library
2020-01-08 10:18:25.233 log message -> Starting without optional kqueue library
2020-01-08 10:34:56.036 log message -> User is not logged in, please log in
2020-01-08 10:34:56.117 log message -> Reconnecting, last destination was /47.107.103.35:6379
2020-01-08 10:34:56.138 log message -> Reconnected to 47.107.103.35:6379
2020-01-08 10:42:06.204 log message -> Shutting down ExecutorService 'taskScheduler'
2020-01-08 10:42:06.207 log message -> Shutting down ExecutorService 'applicationTaskExecutor'
2020-01-08 10:42:06.210 log message -> DatebookHikariCP - Shutdown initiated...
2020-01-08 10:42:06.214 log message -> DatebookHikariCP - Shutdown completed.
2020-01-08 11:11:31.708 log message -> Starting AqmsWebApplication on PC-20190708MDDO with PID 11136 (E:\gitworkspace\aqms-web\target\classes started by Administrator in E:\gitworkspace\aqms-web)
2020-01-08 11:11:31.714 log message -> The following profiles are active: dev
2020-01-08 11:11:33.998 log message -> Multiple Spring Data modules found, entering strict repository configuration mode!
2020-01-08 11:11:34.004 log message -> Bootstrapping Spring Data Redis repositories in DEFAULT mode.
2020-01-08 11:11:34.112 log message -> Finished Spring Data repository scanning in 76ms. Found 0 Redis repository interfaces.
2020-01-08 11:11:34.952 log message -> Bean 'org.springframework.security.config.annotation.configuration.ObjectPostProcessorConfiguration' of type [org.springframework.security.config.annotation.configuration.ObjectPostProcessorConfiguration] is not eligible for getting processed by all BeanPostProcessors (for example: not eligible for auto-proxying)
2020-01-08 11:11:34.962 log message -> Bean 'org.springframework.transaction.annotation.ProxyTransactionManagementConfiguration' of type [org.springframework.transaction.annotation.ProxyTransactionManagementConfiguration] is not eligible for getting processed by all BeanPostProcessors (for example: not eligible for auto-proxying)
2020-01-08 11:11:35.027 log message -> Bean 'objectPostProcessor' of type [org.springframework.security.config.annotation.configuration.AutowireBeanFactoryObjectPostProcessor] is not eligible for getting processed by all BeanPostProcessors (for example: not eligible for auto-proxying)
2020-01-08 11:11:35.032 log message -> Bean 'org.springframework.security.access.expression.method.DefaultMethodSecurityExpressionHandler@6dfa915a' of type [org.springframework.security.access.expression.method.DefaultMethodSecurityExpressionHandler] is not eligible for getting processed by all BeanPostProcessors (for example: not eligible for auto-proxying)
2020-01-08 11:11:35.036 log message -> Bean 'org.springframework.security.config.annotation.method.configuration.GlobalMethodSecurityConfiguration' of type [org.springframework.security.config.annotation.method.configuration.GlobalMethodSecurityConfiguration] is not eligible for getting processed by all BeanPostProcessors (for example: not eligible for auto-proxying)
2020-01-08 11:11:35.077 log message -> Bean 'methodSecurityMetadataSource' of type [org.springframework.security.access.method.DelegatingMethodSecurityMetadataSource] is not eligible for getting processed by all BeanPostProcessors (for example: not eligible for auto-proxying)
2020-01-08 11:11:35.636 log message -> Tomcat initialized with port(s): 8989 (http)
2020-01-08 11:11:35.654 log message -> Initializing ProtocolHandler ["http-nio-8989"]
2020-01-08 11:11:35.656 log message -> Starting service [Tomcat]
2020-01-08 11:11:35.656 log message -> Starting Servlet engine: [Apache Tomcat/9.0.29]
2020-01-08 11:11:35.814 log message -> Initializing Spring embedded WebApplicationContext
2020-01-08 11:11:35.814 log message -> Root WebApplicationContext: initialization completed in 3576 ms
2020-01-08 11:11:38.654 log message -> Creating filter chain: any request, [org.springframework.security.web.context.request.async.WebAsyncManagerIntegrationFilter@52f9e8bb, org.springframework.security.web.context.SecurityContextPersistenceFilter@104a287c, org.springframework.security.web.header.HeaderWriterFilter@1ae924f1, org.springframework.security.web.authentication.logout.LogoutFilter@1002d192, com.osen.aqms.webSecurity.config.JwtAuthenticationTokenFilter@5d878b25, org.springframework.security.web.authentication.UsernamePasswordAuthenticationFilter@9281d19, org.springframework.security.web.savedrequest.RequestCacheAwareFilter@26874f2c, org.springframework.security.web.servletapi.SecurityContextHolderAwareRequestFilter@aca3c85, org.springframework.security.web.authentication.AnonymousAuthenticationFilter@2035d65b, org.springframework.security.web.session.SessionManagementFilter@27bcb4ad, org.springframework.security.web.access.ExceptionTranslationFilter@5980fa73, org.springframework.security.web.access.intercept.FilterSecurityInterceptor@1cba0321]
2020-01-08 11:11:38.899 log message -> Initializing ExecutorService 'applicationTaskExecutor'
2020-01-08 11:11:39.406 log message -> Initializing ExecutorService 'taskScheduler'
2020-01-08 11:11:39.513 log message -> Starting ProtocolHandler ["http-nio-8989"]
2020-01-08 11:11:39.547 log message -> Tomcat started on port(s): 8989 (http) with context path ''
2020-01-08 11:11:39.552 log message -> Started AqmsWebApplication in 9.529 seconds (JVM running for 11.183)
2020-01-08 11:21:40.836 log message -> Initializing Spring DispatcherServlet 'dispatcherServlet'
2020-01-08 11:21:40.837 log message -> Initializing Servlet 'dispatcherServlet'
2020-01-08 11:21:40.850 log message -> Completed initialization in 13 ms
2020-01-08 11:21:41.204 log message -> DatebookHikariCP - Starting...
2020-01-08 11:21:41.587 log message -> DatebookHikariCP - Start completed.
2020-01-08 11:21:41.873 log message -> User login successful......
2020-01-08 11:21:42.805 log message -> Starting without optional epoll library
2020-01-08 11:21:42.807 log message -> Starting without optional kqueue library
2020-01-08 11:55:09.903 log message -> User is not logged in, please log in
2020-01-08 11:55:09.979 log message -> Reconnecting, last destination was /47.107.103.35:6379
2020-01-08 11:55:10.024 log message -> Reconnected to 47.107.103.35:6379
2020-01-08 12:44:03.388 log message -> Shutting down ExecutorService 'taskScheduler'
2020-01-08 12:44:03.392 log message -> Shutting down ExecutorService 'applicationTaskExecutor'
2020-01-08 12:44:03.395 log message -> DatebookHikariCP - Shutdown initiated...
2020-01-08 12:44:03.403 log message -> DatebookHikariCP - Shutdown completed.
2020-01-08 13:36:12.390 log message -> Starting AqmsWebApplication on PC-20190708MDDO with PID 10676 (E:\gitworkspace\aqms-web\target\classes started by Administrator in E:\gitworkspace\aqms-web)
2020-01-08 13:36:12.399 log message -> The following profiles are active: dev
2020-01-08 13:36:13.962 log message -> Multiple Spring Data modules found, entering strict repository configuration mode!
2020-01-08 13:36:13.967 log message -> Bootstrapping Spring Data Redis repositories in DEFAULT mode.
2020-01-08 13:36:14.039 log message -> Finished Spring Data repository scanning in 49ms. Found 0 Redis repository interfaces.
2020-01-08 13:36:14.646 log message -> Bean 'org.springframework.security.config.annotation.configuration.ObjectPostProcessorConfiguration' of type [org.springframework.security.config.annotation.configuration.ObjectPostProcessorConfiguration] is not eligible for getting processed by all BeanPostProcessors (for example: not eligible for auto-proxying)
2020-01-08 13:36:14.655 log message -> Bean 'org.springframework.transaction.annotation.ProxyTransactionManagementConfiguration' of type [org.springframework.transaction.annotation.ProxyTransactionManagementConfiguration] is not eligible for getting processed by all BeanPostProcessors (for example: not eligible for auto-proxying)
2020-01-08 13:36:14.706 log message -> Bean 'objectPostProcessor' of type [org.springframework.security.config.annotation.configuration.AutowireBeanFactoryObjectPostProcessor] is not eligible for getting processed by all BeanPostProcessors (for example: not eligible for auto-proxying)
2020-01-08 13:36:14.711 log message -> Bean 'org.springframework.security.access.expression.method.DefaultMethodSecurityExpressionHandler@4c5228e7' of type [org.springframework.security.access.expression.method.DefaultMethodSecurityExpressionHandler] is not eligible for getting processed by all BeanPostProcessors (for example: not eligible for auto-proxying)
2020-01-08 13:36:14.714 log message -> Bean 'org.springframework.security.config.annotation.method.configuration.GlobalMethodSecurityConfiguration' of type [org.springframework.security.config.annotation.method.configuration.GlobalMethodSecurityConfiguration] is not eligible for getting processed by all BeanPostProcessors (for example: not eligible for auto-proxying)
2020-01-08 13:36:14.722 log message -> Bean 'methodSecurityMetadataSource' of type [org.springframework.security.access.method.DelegatingMethodSecurityMetadataSource] is not eligible for getting processed by all BeanPostProcessors (for example: not eligible for auto-proxying)
2020-01-08 13:36:15.114 log message -> Tomcat initialized with port(s): 8989 (http)
2020-01-08 13:36:15.128 log message -> Initializing ProtocolHandler ["http-nio-8989"]
2020-01-08 13:36:15.129 log message -> Starting service [Tomcat]
2020-01-08 13:36:15.130 log message -> Starting Servlet engine: [Apache Tomcat/9.0.29]
2020-01-08 13:36:15.248 log message -> Initializing Spring embedded WebApplicationContext
2020-01-08 13:36:15.249 log message -> Root WebApplicationContext: initialization completed in 2563 ms
2020-01-08 13:36:18.027 log message -> Creating filter chain: any request, [org.springframework.security.web.context.request.async.WebAsyncManagerIntegrationFilter@6987a133, org.springframework.security.web.context.SecurityContextPersistenceFilter@52d96367, org.springframework.security.web.header.HeaderWriterFilter@4aa3fc9a, org.springframework.security.web.authentication.logout.LogoutFilter@fe42a09, com.osen.aqms.webSecurity.config.JwtAuthenticationTokenFilter@5d5c41e5, org.springframework.security.web.authentication.UsernamePasswordAuthenticationFilter@5458c71e, org.springframework.security.web.savedrequest.RequestCacheAwareFilter@3302035b, org.springframework.security.web.servletapi.SecurityContextHolderAwareRequestFilter@2bb717d7, org.springframework.security.web.authentication.AnonymousAuthenticationFilter@50778bde, org.springframework.security.web.session.SessionManagementFilter@634aa81e, org.springframework.security.web.access.ExceptionTranslationFilter@23f60b7d, org.springframework.security.web.access.intercept.FilterSecurityInterceptor@334540a0]
2020-01-08 13:36:18.280 log message -> Initializing ExecutorService 'applicationTaskExecutor'
2020-01-08 13:36:18.843 log message -> Initializing ExecutorService 'taskScheduler'
2020-01-08 13:36:18.955 log message -> Starting ProtocolHandler ["http-nio-8989"]
2020-01-08 13:36:18.993 log message -> Tomcat started on port(s): 8989 (http) with context path ''
2020-01-08 13:36:18.998 log message -> Started AqmsWebApplication in 7.997 seconds (JVM running for 9.247)
2020-01-08 13:36:24.437 log message -> Initializing Spring DispatcherServlet 'dispatcherServlet'
2020-01-08 13:36:24.438 log message -> Initializing Servlet 'dispatcherServlet'
2020-01-08 13:36:24.456 log message -> Completed initialization in 17 ms
2020-01-08 13:36:25.039 log message -> Starting without optional epoll library
2020-01-08 13:36:25.041 log message -> Starting without optional kqueue library
2020-01-08 13:45:15.018 log message -> User is not logged in, please log in
2020-01-08 13:45:15.095 log message -> Reconnecting, last destination was /47.107.103.35:6379
2020-01-08 13:45:15.113 log message -> Reconnected to 47.107.103.35:6379
2020-01-08 13:47:57.872 log message -> Shutting down ExecutorService 'taskScheduler'
2020-01-08 13:47:57.874 log message -> Shutting down ExecutorService 'applicationTaskExecutor'
2020-01-08 18:04:40.332 log message -> Starting AqmsWebApplication on PC-20190708MDDO with PID 11164 (E:\gitworkspace\aqms-web\target\classes started by Administrator in E:\gitworkspace\aqms-web)
2020-01-08 18:04:40.337 log message -> The following profiles are active: dev
2020-01-08 18:04:42.573 log message -> Multiple Spring Data modules found, entering strict repository configuration mode!
2020-01-08 18:04:42.586 log message -> Bootstrapping Spring Data Redis repositories in DEFAULT mode.
2020-01-08 18:04:42.877 log message -> Finished Spring Data repository scanning in 204ms. Found 0 Redis repository interfaces.
2020-01-08 18:04:43.936 log message -> Bean 'org.springframework.security.config.annotation.configuration.ObjectPostProcessorConfiguration' of type [org.springframework.security.config.annotation.configuration.ObjectPostProcessorConfiguration] is not eligible for getting processed by all BeanPostProcessors (for example: not eligible for auto-proxying)
2020-01-08 18:04:43.947 log message -> Bean 'org.springframework.transaction.annotation.ProxyTransactionManagementConfiguration' of type [org.springframework.transaction.annotation.ProxyTransactionManagementConfiguration] is not eligible for getting processed by all BeanPostProcessors (for example: not eligible for auto-proxying)
2020-01-08 18:04:44.053 log message -> Bean 'objectPostProcessor' of type [org.springframework.security.config.annotation.configuration.AutowireBeanFactoryObjectPostProcessor] is not eligible for getting processed by all BeanPostProcessors (for example: not eligible for auto-proxying)
2020-01-08 18:04:44.059 log message -> Bean 'org.springframework.security.access.expression.method.DefaultMethodSecurityExpressionHandler@435cc7f9' of type [org.springframework.security.access.expression.method.DefaultMethodSecurityExpressionHandler] is not eligible for getting processed by all BeanPostProcessors (for example: not eligible for auto-proxying)
2020-01-08 18:04:44.065 log message -> Bean 'org.springframework.security.config.annotation.method.configuration.GlobalMethodSecurityConfiguration' of type [org.springframework.security.config.annotation.method.configuration.GlobalMethodSecurityConfiguration] is not eligible for getting processed by all BeanPostProcessors (for example: not eligible for auto-proxying)
2020-01-08 18:04:44.075 log message -> Bean 'methodSecurityMetadataSource' of type [org.springframework.security.access.method.DelegatingMethodSecurityMetadataSource] is not eligible for getting processed by all BeanPostProcessors (for example: not eligible for auto-proxying)
2020-01-08 18:04:44.532 log message -> Tomcat initialized with port(s): 8989 (http)
2020-01-08 18:04:44.547 log message -> Initializing ProtocolHandler ["http-nio-8989"]
2020-01-08 18:04:44.548 log message -> Starting service [Tomcat]
2020-01-08 18:04:44.549 log message -> Starting Servlet engine: [Apache Tomcat/9.0.29]
2020-01-08 18:04:44.763 log message -> Initializing Spring embedded WebApplicationContext
2020-01-08 18:04:44.763 log message -> Root WebApplicationContext: initialization completed in 4291 ms
2020-01-08 18:04:47.737 log message -> Creating filter chain: any request, [org.springframework.security.web.context.request.async.WebAsyncManagerIntegrationFilter@7757025d, org.springframework.security.web.context.SecurityContextPersistenceFilter@1de7f898, org.springframework.security.web.header.HeaderWriterFilter@537ca28e, org.springframework.security.web.authentication.logout.LogoutFilter@5c5a91b4, com.osen.aqms.webSecurity.config.JwtAuthenticationTokenFilter@4cc01c7f, org.springframework.security.web.authentication.UsernamePasswordAuthenticationFilter@5e37fb82, org.springframework.security.web.savedrequest.RequestCacheAwareFilter@63db743d, org.springframework.security.web.servletapi.SecurityContextHolderAwareRequestFilter@2296127, org.springframework.security.web.authentication.AnonymousAuthenticationFilter@68fc9167, org.springframework.security.web.session.SessionManagementFilter@35e2b89f, org.springframework.security.web.access.ExceptionTranslationFilter@70d3cdbf, org.springframework.security.web.access.intercept.FilterSecurityInterceptor@100d0218]
2020-01-08 18:04:47.984 log message -> Initializing ExecutorService 'applicationTaskExecutor'
2020-01-08 18:04:48.502 log message -> Initializing ExecutorService 'taskScheduler'
2020-01-08 18:04:48.612 log message -> Starting ProtocolHandler ["http-nio-8989"]
2020-01-08 18:04:48.695 log message -> Tomcat started on port(s): 8989 (http) with context path ''
2020-01-08 18:04:48.701 log message -> Started AqmsWebApplication in 10.601 seconds (JVM running for 12.293)
2020-01-08 18:05:15.126 log message -> Initializing Spring DispatcherServlet 'dispatcherServlet'
2020-01-08 18:05:15.127 log message -> Initializing Servlet 'dispatcherServlet'
2020-01-08 18:05:15.142 log message -> Completed initialization in 15 ms
2020-01-08 18:05:15.700 log message -> Starting without optional epoll library
2020-01-08 18:05:15.702 log message -> Starting without optional kqueue library
2020-01-08 18:27:24.342 log message -> User is not logged in, please log in
2020-01-08 18:27:24.430 log message -> Reconnecting, last destination was /47.107.103.35:6379
2020-01-08 18:27:24.447 log message -> Reconnected to 47.107.103.35:6379
