2019-12-09 16:17:50.750 log message -> Starting AqmsWebApplication on PC-20190708MDDO with PID 8420 (E:\gitworkspace\aqms-web\target\classes started by Administrator in E:\gitworkspace\aqms-web)
2019-12-09 16:17:50.754 log message -> The following profiles are active: dev
2019-12-09 16:17:52.274 log message -> Multiple Spring Data modules found, entering strict repository configuration mode!
2019-12-09 16:17:52.278 log message -> Bootstrapping Spring Data Redis repositories in DEFAULT mode.
2019-12-09 16:17:52.359 log message -> Finished Spring Data repository scanning in 53ms. Found 0 Redis repository interfaces.
2019-12-09 16:17:53.008 log message -> Bean 'org.springframework.transaction.annotation.ProxyTransactionManagementConfiguration' of type [org.springframework.transaction.annotation.ProxyTransactionManagementConfiguration] is not eligible for getting processed by all BeanPostProcessors (for example: not eligible for auto-proxying)
2019-12-09 16:17:53.398 log message -> Tomcat initialized with port(s): 8989 (http)
2019-12-09 16:17:53.411 log message -> Initializing ProtocolHandler ["http-nio-8989"]
2019-12-09 16:17:53.413 log message -> Starting service [Tomcat]
2019-12-09 16:17:53.413 log message -> Starting Servlet engine: [Apache Tomcat/9.0.29]
2019-12-09 16:17:53.535 log message -> Initializing Spring embedded WebApplicationContext
2019-12-09 16:17:53.536 log message -> Root WebApplicationContext: initialization completed in 2688 ms
2019-12-09 16:17:55.560 log message -> Initializing ExecutorService 'applicationTaskExecutor'
2019-12-09 16:17:56.348 log message -> 

Using generated security password: 6d728934-739a-481c-beb5-7c3874dede5c

2019-12-09 16:17:56.501 log message -> Creating filter chain: any request, [org.springframework.security.web.context.request.async.WebAsyncManagerIntegrationFilter@796c68bf, org.springframework.security.web.context.SecurityContextPersistenceFilter@22da200e, org.springframework.security.web.header.HeaderWriterFilter@6a7a1a0d, org.springframework.security.web.csrf.CsrfFilter@163e8949, org.springframework.security.web.authentication.logout.LogoutFilter@38f617f4, org.springframework.security.web.authentication.UsernamePasswordAuthenticationFilter@19bfbe28, org.springframework.security.web.authentication.ui.DefaultLoginPageGeneratingFilter@629b780f, org.springframework.security.web.authentication.ui.DefaultLogoutPageGeneratingFilter@56d6a1b1, org.springframework.security.web.authentication.www.BasicAuthenticationFilter@2b9aeedb, org.springframework.security.web.savedrequest.RequestCacheAwareFilter@f03ee8f, org.springframework.security.web.servletapi.SecurityContextHolderAwareRequestFilter@18c7f6b5, org.springframework.security.web.authentication.AnonymousAuthenticationFilter@1a7163e3, org.springframework.security.web.session.SessionManagementFilter@76e6c070, org.springframework.security.web.access.ExceptionTranslationFilter@58164e9a, org.springframework.security.web.access.intercept.FilterSecurityInterceptor@44aa91e2]
2019-12-09 16:17:56.518 log message -> Initializing ExecutorService 'taskScheduler'
2019-12-09 16:17:56.623 log message -> Starting ProtocolHandler ["http-nio-8989"]
2019-12-09 16:17:56.702 log message -> Tomcat started on port(s): 8989 (http) with context path ''
2019-12-09 16:17:56.708 log message -> Started AqmsWebApplication in 7.204 seconds (JVM running for 8.512)
2019-12-09 16:19:14.181 log message -> Initializing Spring DispatcherServlet 'dispatcherServlet'
2019-12-09 16:19:14.182 log message -> Initializing Servlet 'dispatcherServlet'
2019-12-09 16:19:14.195 log message -> Completed initialization in 12 ms
2019-12-09 16:21:15.985 log message -> Shutting down ExecutorService 'taskScheduler'
2019-12-09 16:21:16.007 log message -> Shutting down ExecutorService 'applicationTaskExecutor'
2019-12-09 18:33:12.929 log message -> Starting AqmsWebApplication on PC-20190708MDDO with PID 10052 (E:\gitworkspace\aqms-web\target\classes started by Administrator in E:\gitworkspace\aqms-web)
2019-12-09 18:33:12.933 log message -> The following profiles are active: dev
2019-12-09 18:33:14.477 log message -> Multiple Spring Data modules found, entering strict repository configuration mode!
2019-12-09 18:33:14.481 log message -> Bootstrapping Spring Data Redis repositories in DEFAULT mode.
2019-12-09 18:33:14.551 log message -> Finished Spring Data repository scanning in 43ms. Found 0 Redis repository interfaces.
2019-12-09 18:33:15.098 log message -> Bean 'org.springframework.security.config.annotation.configuration.ObjectPostProcessorConfiguration' of type [org.springframework.security.config.annotation.configuration.ObjectPostProcessorConfiguration] is not eligible for getting processed by all BeanPostProcessors (for example: not eligible for auto-proxying)
2019-12-09 18:33:15.107 log message -> Bean 'org.springframework.transaction.annotation.ProxyTransactionManagementConfiguration' of type [org.springframework.transaction.annotation.ProxyTransactionManagementConfiguration] is not eligible for getting processed by all BeanPostProcessors (for example: not eligible for auto-proxying)
2019-12-09 18:33:15.156 log message -> Bean 'objectPostProcessor' of type [org.springframework.security.config.annotation.configuration.AutowireBeanFactoryObjectPostProcessor] is not eligible for getting processed by all BeanPostProcessors (for example: not eligible for auto-proxying)
2019-12-09 18:33:15.159 log message -> Bean 'org.springframework.security.access.expression.method.DefaultMethodSecurityExpressionHandler@480ad82c' of type [org.springframework.security.access.expression.method.DefaultMethodSecurityExpressionHandler] is not eligible for getting processed by all BeanPostProcessors (for example: not eligible for auto-proxying)
2019-12-09 18:33:15.161 log message -> Bean 'org.springframework.security.config.annotation.method.configuration.GlobalMethodSecurityConfiguration' of type [org.springframework.security.config.annotation.method.configuration.GlobalMethodSecurityConfiguration] is not eligible for getting processed by all BeanPostProcessors (for example: not eligible for auto-proxying)
2019-12-09 18:33:15.169 log message -> Bean 'methodSecurityMetadataSource' of type [org.springframework.security.access.method.DelegatingMethodSecurityMetadataSource] is not eligible for getting processed by all BeanPostProcessors (for example: not eligible for auto-proxying)
2019-12-09 18:33:15.558 log message -> Tomcat initialized with port(s): 8989 (http)
2019-12-09 18:33:15.575 log message -> Initializing ProtocolHandler ["http-nio-8989"]
2019-12-09 18:33:15.576 log message -> Starting service [Tomcat]
2019-12-09 18:33:15.577 log message -> Starting Servlet engine: [Apache Tomcat/9.0.29]
2019-12-09 18:33:15.708 log message -> Initializing Spring embedded WebApplicationContext
2019-12-09 18:33:15.708 log message -> Root WebApplicationContext: initialization completed in 2664 ms
2019-12-09 18:33:18.354 log message -> Creating filter chain: any request, [org.springframework.security.web.context.request.async.WebAsyncManagerIntegrationFilter@4e48462d, org.springframework.security.web.context.SecurityContextPersistenceFilter@5e2a6991, org.springframework.security.web.header.HeaderWriterFilter@10618775, org.springframework.security.web.authentication.logout.LogoutFilter@4a1dda83, com.osen.aqms.webSecurity.config.JwtAuthenticationTokenFilter@3946075, org.springframework.security.web.authentication.UsernamePasswordAuthenticationFilter@7f2b39a, org.springframework.security.web.savedrequest.RequestCacheAwareFilter@6f96dd64, org.springframework.security.web.servletapi.SecurityContextHolderAwareRequestFilter@4466cf5d, org.springframework.security.web.authentication.AnonymousAuthenticationFilter@17216605, org.springframework.security.web.session.SessionManagementFilter@20a3e10c, org.springframework.security.web.access.ExceptionTranslationFilter@65f3e805, org.springframework.security.web.access.intercept.FilterSecurityInterceptor@21d9cd04]
2019-12-09 18:33:18.620 log message -> Initializing ExecutorService 'applicationTaskExecutor'
2019-12-09 18:33:19.117 log message -> Initializing ExecutorService 'taskScheduler'
2019-12-09 18:33:19.225 log message -> Starting ProtocolHandler ["http-nio-8989"]
2019-12-09 18:33:19.259 log message -> Tomcat started on port(s): 8989 (http) with context path ''
2019-12-09 18:33:19.263 log message -> Started AqmsWebApplication in 7.512 seconds (JVM running for 8.842)
2019-12-09 18:33:29.672 log message -> Initializing Spring DispatcherServlet 'dispatcherServlet'
2019-12-09 18:33:29.674 log message -> Initializing Servlet 'dispatcherServlet'
2019-12-09 18:33:29.688 log message -> Completed initialization in 14 ms
2019-12-09 18:33:29.742 log message -> User is not logged in, please log in
2019-12-09 18:34:18.726 log message -> Shutting down ExecutorService 'taskScheduler'
2019-12-09 18:34:18.729 log message -> Shutting down ExecutorService 'applicationTaskExecutor'
