2020-02-27 10:52:44.636 log message -> Starting AqmsWebApplicationTests on PC-20190708MDDO with PID 4320 (started by Administrator in E:\gitworkspace\aqms-web)
2020-02-27 10:52:44.656 log message -> The following profiles are active: pro
2020-02-27 10:52:46.329 log message -> Multiple Spring Data modules found, entering strict repository configuration mode!
2020-02-27 10:52:46.335 log message -> Bootstrapping Spring Data Redis repositories in DEFAULT mode.
2020-02-27 10:52:46.447 log message -> Finished Spring Data repository scanning in 59ms. Found 0 Redis repository interfaces.
2020-02-27 10:52:47.544 log message -> Bean 'org.springframework.security.config.annotation.configuration.ObjectPostProcessorConfiguration' of type [org.springframework.security.config.annotation.configuration.ObjectPostProcessorConfiguration] is not eligible for getting processed by all BeanPostProcessors (for example: not eligible for auto-proxying)
2020-02-27 10:52:47.551 log message -> Bean 'org.springframework.transaction.annotation.ProxyTransactionManagementConfiguration' of type [org.springframework.transaction.annotation.ProxyTransactionManagementConfiguration] is not eligible for getting processed by all BeanPostProcessors (for example: not eligible for auto-proxying)
2020-02-27 10:52:47.800 log message -> Bean 'objectPostProcessor' of type [org.springframework.security.config.annotation.configuration.AutowireBeanFactoryObjectPostProcessor] is not eligible for getting processed by all BeanPostProcessors (for example: not eligible for auto-proxying)
2020-02-27 10:52:47.804 log message -> Bean 'org.springframework.security.access.expression.method.DefaultMethodSecurityExpressionHandler@4ce94d2f' of type [org.springframework.security.access.expression.method.DefaultMethodSecurityExpressionHandler] is not eligible for getting processed by all BeanPostProcessors (for example: not eligible for auto-proxying)
2020-02-27 10:52:47.814 log message -> Bean 'org.springframework.security.config.annotation.method.configuration.GlobalMethodSecurityConfiguration' of type [org.springframework.security.config.annotation.method.configuration.GlobalMethodSecurityConfiguration] is not eligible for getting processed by all BeanPostProcessors (for example: not eligible for auto-proxying)
2020-02-27 10:52:47.829 log message -> Bean 'methodSecurityMetadataSource' of type [org.springframework.security.access.method.DelegatingMethodSecurityMetadataSource] is not eligible for getting processed by all BeanPostProcessors (for example: not eligible for auto-proxying)
2020-02-27 10:52:51.892 log message -> Creating filter chain: any request, [org.springframework.security.web.context.request.async.WebAsyncManagerIntegrationFilter@553d2579, org.springframework.security.web.context.SecurityContextPersistenceFilter@67d4c48d, org.springframework.security.web.header.HeaderWriterFilter@23e3f5cd, org.springframework.security.web.authentication.logout.LogoutFilter@32a72c4, com.osen.aqms.webSecurity.config.JwtAuthenticationTokenFilter@70029d2d, org.springframework.security.web.authentication.UsernamePasswordAuthenticationFilter@b950f82, org.springframework.security.web.savedrequest.RequestCacheAwareFilter@4b97b3d2, org.springframework.security.web.servletapi.SecurityContextHolderAwareRequestFilter@79afa369, org.springframework.security.web.authentication.AnonymousAuthenticationFilter@2a8f6e6, org.springframework.security.web.session.SessionManagementFilter@1d7eb170, org.springframework.security.web.access.ExceptionTranslationFilter@71560f51, org.springframework.security.web.access.intercept.FilterSecurityInterceptor@35eee641]
2020-02-27 10:52:52.573 log message -> Initializing ExecutorService 'applicationTaskExecutor'
2020-02-27 10:52:53.500 log message -> Initializing ExecutorService 'taskScheduler'
2020-02-27 10:52:53.635 log message -> Started AqmsWebApplicationTests in 10.819 seconds (JVM running for 13.1)
2020-02-27 10:52:54.935 log message -> Shutting down ExecutorService 'taskScheduler'
2020-02-27 10:52:54.938 log message -> Shutting down ExecutorService 'applicationTaskExecutor'
2020-02-27 10:55:07.160 log message -> Starting AqmsWebApplicationTests on PC-20190708MDDO with PID 8136 (started by Administrator in E:\gitworkspace\aqms-web)
2020-02-27 10:55:07.162 log message -> The following profiles are active: pro
2020-02-27 10:55:08.472 log message -> Multiple Spring Data modules found, entering strict repository configuration mode!
2020-02-27 10:55:08.476 log message -> Bootstrapping Spring Data Redis repositories in DEFAULT mode.
2020-02-27 10:55:08.564 log message -> Finished Spring Data repository scanning in 66ms. Found 0 Redis repository interfaces.
2020-02-27 10:55:09.498 log message -> Bean 'org.springframework.security.config.annotation.configuration.ObjectPostProcessorConfiguration' of type [org.springframework.security.config.annotation.configuration.ObjectPostProcessorConfiguration] is not eligible for getting processed by all BeanPostProcessors (for example: not eligible for auto-proxying)
2020-02-27 10:55:09.505 log message -> Bean 'org.springframework.transaction.annotation.ProxyTransactionManagementConfiguration' of type [org.springframework.transaction.annotation.ProxyTransactionManagementConfiguration] is not eligible for getting processed by all BeanPostProcessors (for example: not eligible for auto-proxying)
2020-02-27 10:55:09.772 log message -> Bean 'objectPostProcessor' of type [org.springframework.security.config.annotation.configuration.AutowireBeanFactoryObjectPostProcessor] is not eligible for getting processed by all BeanPostProcessors (for example: not eligible for auto-proxying)
2020-02-27 10:55:09.776 log message -> Bean 'org.springframework.security.access.expression.method.DefaultMethodSecurityExpressionHandler@6342d610' of type [org.springframework.security.access.expression.method.DefaultMethodSecurityExpressionHandler] is not eligible for getting processed by all BeanPostProcessors (for example: not eligible for auto-proxying)
2020-02-27 10:55:09.790 log message -> Bean 'org.springframework.security.config.annotation.method.configuration.GlobalMethodSecurityConfiguration' of type [org.springframework.security.config.annotation.method.configuration.GlobalMethodSecurityConfiguration] is not eligible for getting processed by all BeanPostProcessors (for example: not eligible for auto-proxying)
2020-02-27 10:55:09.805 log message -> Bean 'methodSecurityMetadataSource' of type [org.springframework.security.access.method.DelegatingMethodSecurityMetadataSource] is not eligible for getting processed by all BeanPostProcessors (for example: not eligible for auto-proxying)
2020-02-27 10:55:13.599 log message -> Creating filter chain: any request, [org.springframework.security.web.context.request.async.WebAsyncManagerIntegrationFilter@24dd44f9, org.springframework.security.web.context.SecurityContextPersistenceFilter@15986dd5, org.springframework.security.web.header.HeaderWriterFilter@443a53df, org.springframework.security.web.authentication.logout.LogoutFilter@6b415f5f, com.osen.aqms.webSecurity.config.JwtAuthenticationTokenFilter@33bb3f86, org.springframework.security.web.authentication.UsernamePasswordAuthenticationFilter@2e590b, org.springframework.security.web.savedrequest.RequestCacheAwareFilter@5bf9ea6b, org.springframework.security.web.servletapi.SecurityContextHolderAwareRequestFilter@629e8212, org.springframework.security.web.authentication.AnonymousAuthenticationFilter@ccd341d, org.springframework.security.web.session.SessionManagementFilter@69aabcb0, org.springframework.security.web.access.ExceptionTranslationFilter@ce12fbb, org.springframework.security.web.access.intercept.FilterSecurityInterceptor@70997a94]
2020-02-27 10:55:14.262 log message -> Initializing ExecutorService 'applicationTaskExecutor'
2020-02-27 10:55:15.003 log message -> Initializing ExecutorService 'taskScheduler'
2020-02-27 10:55:15.122 log message -> Started AqmsWebApplicationTests in 8.934 seconds (JVM running for 11.094)
2020-02-27 10:55:22.065 log message -> Shutting down ExecutorService 'taskScheduler'
2020-02-27 10:55:22.070 log message -> Shutting down ExecutorService 'applicationTaskExecutor'
2020-02-27 10:56:16.421 log message -> Starting AqmsWebApplicationTests on PC-20190708MDDO with PID 4308 (started by Administrator in E:\gitworkspace\aqms-web)
2020-02-27 10:56:16.424 log message -> The following profiles are active: pro
2020-02-27 10:56:18.468 log message -> Multiple Spring Data modules found, entering strict repository configuration mode!
2020-02-27 10:56:18.474 log message -> Bootstrapping Spring Data Redis repositories in DEFAULT mode.
2020-02-27 10:56:18.588 log message -> Finished Spring Data repository scanning in 91ms. Found 0 Redis repository interfaces.
2020-02-27 10:56:19.629 log message -> Bean 'org.springframework.security.config.annotation.configuration.ObjectPostProcessorConfiguration' of type [org.springframework.security.config.annotation.configuration.ObjectPostProcessorConfiguration] is not eligible for getting processed by all BeanPostProcessors (for example: not eligible for auto-proxying)
2020-02-27 10:56:19.635 log message -> Bean 'org.springframework.transaction.annotation.ProxyTransactionManagementConfiguration' of type [org.springframework.transaction.annotation.ProxyTransactionManagementConfiguration] is not eligible for getting processed by all BeanPostProcessors (for example: not eligible for auto-proxying)
2020-02-27 10:56:19.867 log message -> Bean 'objectPostProcessor' of type [org.springframework.security.config.annotation.configuration.AutowireBeanFactoryObjectPostProcessor] is not eligible for getting processed by all BeanPostProcessors (for example: not eligible for auto-proxying)
2020-02-27 10:56:19.871 log message -> Bean 'org.springframework.security.access.expression.method.DefaultMethodSecurityExpressionHandler@6342d610' of type [org.springframework.security.access.expression.method.DefaultMethodSecurityExpressionHandler] is not eligible for getting processed by all BeanPostProcessors (for example: not eligible for auto-proxying)
2020-02-27 10:56:19.883 log message -> Bean 'org.springframework.security.config.annotation.method.configuration.GlobalMethodSecurityConfiguration' of type [org.springframework.security.config.annotation.method.configuration.GlobalMethodSecurityConfiguration] is not eligible for getting processed by all BeanPostProcessors (for example: not eligible for auto-proxying)
2020-02-27 10:56:19.899 log message -> Bean 'methodSecurityMetadataSource' of type [org.springframework.security.access.method.DelegatingMethodSecurityMetadataSource] is not eligible for getting processed by all BeanPostProcessors (for example: not eligible for auto-proxying)
2020-02-27 10:56:23.586 log message -> Creating filter chain: any request, [org.springframework.security.web.context.request.async.WebAsyncManagerIntegrationFilter@24dd44f9, org.springframework.security.web.context.SecurityContextPersistenceFilter@15986dd5, org.springframework.security.web.header.HeaderWriterFilter@443a53df, org.springframework.security.web.authentication.logout.LogoutFilter@6b415f5f, com.osen.aqms.webSecurity.config.JwtAuthenticationTokenFilter@33bb3f86, org.springframework.security.web.authentication.UsernamePasswordAuthenticationFilter@2e590b, org.springframework.security.web.savedrequest.RequestCacheAwareFilter@5bf9ea6b, org.springframework.security.web.servletapi.SecurityContextHolderAwareRequestFilter@629e8212, org.springframework.security.web.authentication.AnonymousAuthenticationFilter@ccd341d, org.springframework.security.web.session.SessionManagementFilter@69aabcb0, org.springframework.security.web.access.ExceptionTranslationFilter@ce12fbb, org.springframework.security.web.access.intercept.FilterSecurityInterceptor@70997a94]
2020-02-27 10:56:24.298 log message -> Initializing ExecutorService 'applicationTaskExecutor'
2020-02-27 10:56:25.137 log message -> Initializing ExecutorService 'taskScheduler'
2020-02-27 10:56:25.306 log message -> Started AqmsWebApplicationTests in 10.206 seconds (JVM running for 12.091)
2020-02-27 10:56:27.282 log message -> Shutting down ExecutorService 'taskScheduler'
2020-02-27 10:56:27.284 log message -> Shutting down ExecutorService 'applicationTaskExecutor'
2020-02-27 11:00:17.741 log message -> Starting AqmsWebApplicationTests on PC-20190708MDDO with PID 11072 (started by Administrator in E:\gitworkspace\aqms-web)
2020-02-27 11:00:17.744 log message -> The following profiles are active: pro
2020-02-27 11:00:19.492 log message -> Multiple Spring Data modules found, entering strict repository configuration mode!
2020-02-27 11:00:19.497 log message -> Bootstrapping Spring Data Redis repositories in DEFAULT mode.
2020-02-27 11:00:19.583 log message -> Finished Spring Data repository scanning in 66ms. Found 0 Redis repository interfaces.
2020-02-27 11:00:20.623 log message -> Bean 'org.springframework.security.config.annotation.configuration.ObjectPostProcessorConfiguration' of type [org.springframework.security.config.annotation.configuration.ObjectPostProcessorConfiguration] is not eligible for getting processed by all BeanPostProcessors (for example: not eligible for auto-proxying)
2020-02-27 11:00:20.632 log message -> Bean 'org.springframework.transaction.annotation.ProxyTransactionManagementConfiguration' of type [org.springframework.transaction.annotation.ProxyTransactionManagementConfiguration] is not eligible for getting processed by all BeanPostProcessors (for example: not eligible for auto-proxying)
2020-02-27 11:00:20.865 log message -> Bean 'objectPostProcessor' of type [org.springframework.security.config.annotation.configuration.AutowireBeanFactoryObjectPostProcessor] is not eligible for getting processed by all BeanPostProcessors (for example: not eligible for auto-proxying)
2020-02-27 11:00:20.869 log message -> Bean 'org.springframework.security.access.expression.method.DefaultMethodSecurityExpressionHandler@36480b2d' of type [org.springframework.security.access.expression.method.DefaultMethodSecurityExpressionHandler] is not eligible for getting processed by all BeanPostProcessors (for example: not eligible for auto-proxying)
2020-02-27 11:00:20.882 log message -> Bean 'org.springframework.security.config.annotation.method.configuration.GlobalMethodSecurityConfiguration' of type [org.springframework.security.config.annotation.method.configuration.GlobalMethodSecurityConfiguration] is not eligible for getting processed by all BeanPostProcessors (for example: not eligible for auto-proxying)
2020-02-27 11:00:20.899 log message -> Bean 'methodSecurityMetadataSource' of type [org.springframework.security.access.method.DelegatingMethodSecurityMetadataSource] is not eligible for getting processed by all BeanPostProcessors (for example: not eligible for auto-proxying)
2020-02-27 11:00:24.829 log message -> Creating filter chain: any request, [org.springframework.security.web.context.request.async.WebAsyncManagerIntegrationFilter@6ee5f485, org.springframework.security.web.context.SecurityContextPersistenceFilter@16ee9aa7, org.springframework.security.web.header.HeaderWriterFilter@59d0cdb6, org.springframework.security.web.authentication.logout.LogoutFilter@617449dd, com.osen.aqms.webSecurity.config.JwtAuthenticationTokenFilter@6003ad65, org.springframework.security.web.authentication.UsernamePasswordAuthenticationFilter@5e0c4f21, org.springframework.security.web.savedrequest.RequestCacheAwareFilter@58dad04a, org.springframework.security.web.servletapi.SecurityContextHolderAwareRequestFilter@467045c4, org.springframework.security.web.authentication.AnonymousAuthenticationFilter@20d19f2c, org.springframework.security.web.session.SessionManagementFilter@629e8212, org.springframework.security.web.access.ExceptionTranslationFilter@6e243175, org.springframework.security.web.access.intercept.FilterSecurityInterceptor@738a5848]
2020-02-27 11:00:25.577 log message -> Initializing ExecutorService 'applicationTaskExecutor'
2020-02-27 11:00:26.293 log message -> Initializing ExecutorService 'taskScheduler'
2020-02-27 11:00:26.423 log message -> Started AqmsWebApplicationTests in 10.108 seconds (JVM running for 12.638)
2020-02-27 11:00:34.247 log message -> Shutting down ExecutorService 'taskScheduler'
2020-02-27 11:00:34.249 log message -> Shutting down ExecutorService 'applicationTaskExecutor'
2020-02-27 11:01:51.068 log message -> Starting AqmsWebApplicationTests on PC-20190708MDDO with PID 9236 (started by Administrator in E:\gitworkspace\aqms-web)
2020-02-27 11:01:51.072 log message -> The following profiles are active: pro
2020-02-27 11:01:53.051 log message -> Multiple Spring Data modules found, entering strict repository configuration mode!
2020-02-27 11:01:53.056 log message -> Bootstrapping Spring Data Redis repositories in DEFAULT mode.
2020-02-27 11:01:53.154 log message -> Finished Spring Data repository scanning in 67ms. Found 0 Redis repository interfaces.
2020-02-27 11:01:54.111 log message -> Bean 'org.springframework.security.config.annotation.configuration.ObjectPostProcessorConfiguration' of type [org.springframework.security.config.annotation.configuration.ObjectPostProcessorConfiguration] is not eligible for getting processed by all BeanPostProcessors (for example: not eligible for auto-proxying)
2020-02-27 11:01:54.119 log message -> Bean 'org.springframework.transaction.annotation.ProxyTransactionManagementConfiguration' of type [org.springframework.transaction.annotation.ProxyTransactionManagementConfiguration] is not eligible for getting processed by all BeanPostProcessors (for example: not eligible for auto-proxying)
2020-02-27 11:01:54.340 log message -> Bean 'objectPostProcessor' of type [org.springframework.security.config.annotation.configuration.AutowireBeanFactoryObjectPostProcessor] is not eligible for getting processed by all BeanPostProcessors (for example: not eligible for auto-proxying)
2020-02-27 11:01:54.344 log message -> Bean 'org.springframework.security.access.expression.method.DefaultMethodSecurityExpressionHandler@53b7ce6' of type [org.springframework.security.access.expression.method.DefaultMethodSecurityExpressionHandler] is not eligible for getting processed by all BeanPostProcessors (for example: not eligible for auto-proxying)
2020-02-27 11:01:54.360 log message -> Bean 'org.springframework.security.config.annotation.method.configuration.GlobalMethodSecurityConfiguration' of type [org.springframework.security.config.annotation.method.configuration.GlobalMethodSecurityConfiguration] is not eligible for getting processed by all BeanPostProcessors (for example: not eligible for auto-proxying)
2020-02-27 11:01:54.380 log message -> Bean 'methodSecurityMetadataSource' of type [org.springframework.security.access.method.DelegatingMethodSecurityMetadataSource] is not eligible for getting processed by all BeanPostProcessors (for example: not eligible for auto-proxying)
2020-02-27 11:01:58.252 log message -> Creating filter chain: any request, [org.springframework.security.web.context.request.async.WebAsyncManagerIntegrationFilter@38fb50f8, org.springframework.security.web.context.SecurityContextPersistenceFilter@79ba0a6f, org.springframework.security.web.header.HeaderWriterFilter@5e002356, org.springframework.security.web.authentication.logout.LogoutFilter@73e776b7, com.osen.aqms.webSecurity.config.JwtAuthenticationTokenFilter@8aeab9e, org.springframework.security.web.authentication.UsernamePasswordAuthenticationFilter@bc09d57, org.springframework.security.web.savedrequest.RequestCacheAwareFilter@7f3fc42f, org.springframework.security.web.servletapi.SecurityContextHolderAwareRequestFilter@32a72c4, org.springframework.security.web.authentication.AnonymousAuthenticationFilter@7ab802f4, org.springframework.security.web.session.SessionManagementFilter@4b325930, org.springframework.security.web.access.ExceptionTranslationFilter@79afa369, org.springframework.security.web.access.intercept.FilterSecurityInterceptor@3c9ef6e9]
2020-02-27 11:01:58.941 log message -> Initializing ExecutorService 'applicationTaskExecutor'
2020-02-27 11:01:59.735 log message -> Initializing ExecutorService 'taskScheduler'
2020-02-27 11:01:59.888 log message -> Started AqmsWebApplicationTests in 10.002 seconds (JVM running for 12.114)
2020-02-27 11:02:05.835 log message -> Shutting down ExecutorService 'taskScheduler'
2020-02-27 11:02:05.837 log message -> Shutting down ExecutorService 'applicationTaskExecutor'
2020-02-27 11:03:38.230 log message -> Starting AqmsWebApplicationTests on PC-20190708MDDO with PID 8352 (started by Administrator in E:\gitworkspace\aqms-web)
2020-02-27 11:03:38.232 log message -> The following profiles are active: pro
2020-02-27 11:03:40.466 log message -> Multiple Spring Data modules found, entering strict repository configuration mode!
2020-02-27 11:03:40.470 log message -> Bootstrapping Spring Data Redis repositories in DEFAULT mode.
2020-02-27 11:03:40.580 log message -> Finished Spring Data repository scanning in 69ms. Found 0 Redis repository interfaces.
2020-02-27 11:03:41.546 log message -> Bean 'org.springframework.security.config.annotation.configuration.ObjectPostProcessorConfiguration' of type [org.springframework.security.config.annotation.configuration.ObjectPostProcessorConfiguration] is not eligible for getting processed by all BeanPostProcessors (for example: not eligible for auto-proxying)
2020-02-27 11:03:41.553 log message -> Bean 'org.springframework.transaction.annotation.ProxyTransactionManagementConfiguration' of type [org.springframework.transaction.annotation.ProxyTransactionManagementConfiguration] is not eligible for getting processed by all BeanPostProcessors (for example: not eligible for auto-proxying)
2020-02-27 11:03:41.747 log message -> Bean 'objectPostProcessor' of type [org.springframework.security.config.annotation.configuration.AutowireBeanFactoryObjectPostProcessor] is not eligible for getting processed by all BeanPostProcessors (for example: not eligible for auto-proxying)
2020-02-27 11:03:41.751 log message -> Bean 'org.springframework.security.access.expression.method.DefaultMethodSecurityExpressionHandler@27d33393' of type [org.springframework.security.access.expression.method.DefaultMethodSecurityExpressionHandler] is not eligible for getting processed by all BeanPostProcessors (for example: not eligible for auto-proxying)
2020-02-27 11:03:41.760 log message -> Bean 'org.springframework.security.config.annotation.method.configuration.GlobalMethodSecurityConfiguration' of type [org.springframework.security.config.annotation.method.configuration.GlobalMethodSecurityConfiguration] is not eligible for getting processed by all BeanPostProcessors (for example: not eligible for auto-proxying)
2020-02-27 11:03:41.782 log message -> Bean 'methodSecurityMetadataSource' of type [org.springframework.security.access.method.DelegatingMethodSecurityMetadataSource] is not eligible for getting processed by all BeanPostProcessors (for example: not eligible for auto-proxying)
2020-02-27 11:03:45.550 log message -> Creating filter chain: any request, [org.springframework.security.web.context.request.async.WebAsyncManagerIntegrationFilter@16b3c905, org.springframework.security.web.context.SecurityContextPersistenceFilter@43da0955, org.springframework.security.web.header.HeaderWriterFilter@58dad04a, org.springframework.security.web.authentication.logout.LogoutFilter@166c2c17, com.osen.aqms.webSecurity.config.JwtAuthenticationTokenFilter@29a33620, org.springframework.security.web.authentication.UsernamePasswordAuthenticationFilter@7c96c85, org.springframework.security.web.savedrequest.RequestCacheAwareFilter@6d963d70, org.springframework.security.web.servletapi.SecurityContextHolderAwareRequestFilter@65c17e38, org.springframework.security.web.authentication.AnonymousAuthenticationFilter@49fdbe2b, org.springframework.security.web.session.SessionManagementFilter@113ee1ce, org.springframework.security.web.access.ExceptionTranslationFilter@16ee9aa7, org.springframework.security.web.access.intercept.FilterSecurityInterceptor@24dd44f9]
2020-02-27 11:03:46.253 log message -> Initializing ExecutorService 'applicationTaskExecutor'
2020-02-27 11:03:47.124 log message -> Initializing ExecutorService 'taskScheduler'
2020-02-27 11:03:47.261 log message -> Started AqmsWebApplicationTests in 10.04 seconds (JVM running for 12.069)
2020-02-27 11:03:53.088 log message -> Shutting down ExecutorService 'taskScheduler'
2020-02-27 11:03:53.090 log message -> Shutting down ExecutorService 'applicationTaskExecutor'
2020-02-27 11:05:02.794 log message -> Starting AqmsWebApplicationTests on PC-20190708MDDO with PID 9224 (started by Administrator in E:\gitworkspace\aqms-web)
2020-02-27 11:05:02.796 log message -> The following profiles are active: pro
2020-02-27 11:05:04.883 log message -> Multiple Spring Data modules found, entering strict repository configuration mode!
2020-02-27 11:05:04.887 log message -> Bootstrapping Spring Data Redis repositories in DEFAULT mode.
2020-02-27 11:05:04.985 log message -> Finished Spring Data repository scanning in 68ms. Found 0 Redis repository interfaces.
2020-02-27 11:05:05.961 log message -> Bean 'org.springframework.security.config.annotation.configuration.ObjectPostProcessorConfiguration' of type [org.springframework.security.config.annotation.configuration.ObjectPostProcessorConfiguration] is not eligible for getting processed by all BeanPostProcessors (for example: not eligible for auto-proxying)
2020-02-27 11:05:05.969 log message -> Bean 'org.springframework.transaction.annotation.ProxyTransactionManagementConfiguration' of type [org.springframework.transaction.annotation.ProxyTransactionManagementConfiguration] is not eligible for getting processed by all BeanPostProcessors (for example: not eligible for auto-proxying)
2020-02-27 11:05:06.172 log message -> Bean 'objectPostProcessor' of type [org.springframework.security.config.annotation.configuration.AutowireBeanFactoryObjectPostProcessor] is not eligible for getting processed by all BeanPostProcessors (for example: not eligible for auto-proxying)
2020-02-27 11:05:06.176 log message -> Bean 'org.springframework.security.access.expression.method.DefaultMethodSecurityExpressionHandler@41eb94bc' of type [org.springframework.security.access.expression.method.DefaultMethodSecurityExpressionHandler] is not eligible for getting processed by all BeanPostProcessors (for example: not eligible for auto-proxying)
2020-02-27 11:05:06.186 log message -> Bean 'org.springframework.security.config.annotation.method.configuration.GlobalMethodSecurityConfiguration' of type [org.springframework.security.config.annotation.method.configuration.GlobalMethodSecurityConfiguration] is not eligible for getting processed by all BeanPostProcessors (for example: not eligible for auto-proxying)
2020-02-27 11:05:06.199 log message -> Bean 'methodSecurityMetadataSource' of type [org.springframework.security.access.method.DelegatingMethodSecurityMetadataSource] is not eligible for getting processed by all BeanPostProcessors (for example: not eligible for auto-proxying)
2020-02-27 11:05:09.842 log message -> Creating filter chain: any request, [org.springframework.security.web.context.request.async.WebAsyncManagerIntegrationFilter@30a7653e, org.springframework.security.web.context.SecurityContextPersistenceFilter@6d963d70, org.springframework.security.web.header.HeaderWriterFilter@113ee1ce, org.springframework.security.web.authentication.logout.LogoutFilter@413d2cd1, com.osen.aqms.webSecurity.config.JwtAuthenticationTokenFilter@4be0a27d, org.springframework.security.web.authentication.UsernamePasswordAuthenticationFilter@30bbcf91, org.springframework.security.web.savedrequest.RequestCacheAwareFilter@55736cfe, org.springframework.security.web.servletapi.SecurityContextHolderAwareRequestFilter@2e590b, org.springframework.security.web.authentication.AnonymousAuthenticationFilter@7cff3f1d, org.springframework.security.web.session.SessionManagementFilter@43da0955, org.springframework.security.web.access.ExceptionTranslationFilter@58dad04a, org.springframework.security.web.access.intercept.FilterSecurityInterceptor@49fdbe2b]
2020-02-27 11:05:10.512 log message -> Initializing ExecutorService 'applicationTaskExecutor'
2020-02-27 11:05:11.314 log message -> Initializing ExecutorService 'taskScheduler'
2020-02-27 11:05:11.468 log message -> Started AqmsWebApplicationTests in 9.981 seconds (JVM running for 11.968)
2020-02-27 11:05:20.294 log message -> Shutting down ExecutorService 'taskScheduler'
2020-02-27 11:05:20.296 log message -> Shutting down ExecutorService 'applicationTaskExecutor'
