2020-01-01 11:17:34.340 log message -> Starting AqmsWebApplication on YideMacBook-Pro.local with PID 2924 (/Users/pangyi/Documents/WorkProjects/aqms-web/target/classes started by pangyi in /Users/pangyi/Documents/WorkProjects/aqms-web)
2020-01-01 11:17:34.345 log message -> The following profiles are active: dev
2020-01-01 11:17:35.193 log message -> Multiple Spring Data modules found, entering strict repository configuration mode!
2020-01-01 11:17:35.198 log message -> Bootstrapping Spring Data Redis repositories in DEFAULT mode.
2020-01-01 11:17:35.251 log message -> Finished Spring Data repository scanning in 32ms. Found 0 Redis repository interfaces.
2020-01-01 11:17:35.650 log message -> Bean 'org.springframework.security.config.annotation.configuration.ObjectPostProcessorConfiguration' of type [org.springframework.security.config.annotation.configuration.ObjectPostProcessorConfiguration] is not eligible for getting processed by all BeanPostProcessors (for example: not eligible for auto-proxying)
2020-01-01 11:17:35.655 log message -> Bean 'org.springframework.transaction.annotation.ProxyTransactionManagementConfiguration' of type [org.springframework.transaction.annotation.ProxyTransactionManagementConfiguration] is not eligible for getting processed by all BeanPostProcessors (for example: not eligible for auto-proxying)
2020-01-01 11:17:35.688 log message -> Bean 'objectPostProcessor' of type [org.springframework.security.config.annotation.configuration.AutowireBeanFactoryObjectPostProcessor] is not eligible for getting processed by all BeanPostProcessors (for example: not eligible for auto-proxying)
2020-01-01 11:17:35.692 log message -> Bean 'org.springframework.security.access.expression.method.DefaultMethodSecurityExpressionHandler@53311681' of type [org.springframework.security.access.expression.method.DefaultMethodSecurityExpressionHandler] is not eligible for getting processed by all BeanPostProcessors (for example: not eligible for auto-proxying)
2020-01-01 11:17:35.695 log message -> Bean 'org.springframework.security.config.annotation.method.configuration.GlobalMethodSecurityConfiguration' of type [org.springframework.security.config.annotation.method.configuration.GlobalMethodSecurityConfiguration] is not eligible for getting processed by all BeanPostProcessors (for example: not eligible for auto-proxying)
2020-01-01 11:17:35.704 log message -> Bean 'methodSecurityMetadataSource' of type [org.springframework.security.access.method.DelegatingMethodSecurityMetadataSource] is not eligible for getting processed by all BeanPostProcessors (for example: not eligible for auto-proxying)
2020-01-01 11:17:36.004 log message -> Tomcat initialized with port(s): 8989 (http)
2020-01-01 11:17:36.015 log message -> Initializing ProtocolHandler ["http-nio-8989"]
2020-01-01 11:17:36.016 log message -> Starting service [Tomcat]
2020-01-01 11:17:36.016 log message -> Starting Servlet engine: [Apache Tomcat/9.0.29]
2020-01-01 11:17:36.097 log message -> Initializing Spring embedded WebApplicationContext
2020-01-01 11:17:36.097 log message -> Root WebApplicationContext: initialization completed in 1658 ms
2020-01-01 11:17:37.830 log message -> Creating filter chain: any request, [org.springframework.security.web.context.request.async.WebAsyncManagerIntegrationFilter@4e5c8ef3, org.springframework.security.web.context.SecurityContextPersistenceFilter@27bc1d44, org.springframework.security.web.header.HeaderWriterFilter@7bede4ea, org.springframework.security.web.authentication.logout.LogoutFilter@28554ac8, com.osen.aqms.webSecurity.config.JwtAuthenticationTokenFilter@f2276c9, org.springframework.security.web.authentication.UsernamePasswordAuthenticationFilter@72224107, org.springframework.security.web.savedrequest.RequestCacheAwareFilter@7a55fb81, org.springframework.security.web.servletapi.SecurityContextHolderAwareRequestFilter@1cba0321, org.springframework.security.web.authentication.AnonymousAuthenticationFilter@60928a61, org.springframework.security.web.session.SessionManagementFilter@6060146b, org.springframework.security.web.access.ExceptionTranslationFilter@652e345, org.springframework.security.web.access.intercept.FilterSecurityInterceptor@d9f5fce]
2020-01-01 11:17:38.017 log message -> Initializing ExecutorService 'applicationTaskExecutor'
2020-01-01 11:17:38.368 log message -> Initializing ExecutorService 'taskScheduler'
2020-01-01 11:17:38.434 log message -> Starting ProtocolHandler ["http-nio-8989"]
2020-01-01 11:17:38.470 log message -> Tomcat started on port(s): 8989 (http) with context path ''
2020-01-01 11:17:38.473 log message -> Started AqmsWebApplication in 5.001 seconds (JVM running for 6.162)
2020-01-01 11:17:50.922 log message -> Shutting down ExecutorService 'taskScheduler'
2020-01-01 11:17:50.926 log message -> Shutting down ExecutorService 'applicationTaskExecutor'
2020-01-02 17:46:22.043 log message -> Starting AqmsWebApplication on PC-20190708MDDO with PID 9440 (E:\gitworkspace\aqms-web\target\classes started by Administrator in E:\gitworkspace\aqms-web)
2020-01-02 17:46:22.050 log message -> The following profiles are active: dev
2020-01-02 17:46:24.223 log message -> Multiple Spring Data modules found, entering strict repository configuration mode!
2020-01-02 17:46:24.227 log message -> Bootstrapping Spring Data Redis repositories in DEFAULT mode.
2020-01-02 17:46:24.346 log message -> Finished Spring Data repository scanning in 84ms. Found 0 Redis repository interfaces.
2020-01-02 17:46:25.120 log message -> Bean 'org.springframework.security.config.annotation.configuration.ObjectPostProcessorConfiguration' of type [org.springframework.security.config.annotation.configuration.ObjectPostProcessorConfiguration] is not eligible for getting processed by all BeanPostProcessors (for example: not eligible for auto-proxying)
2020-01-02 17:46:25.129 log message -> Bean 'org.springframework.transaction.annotation.ProxyTransactionManagementConfiguration' of type [org.springframework.transaction.annotation.ProxyTransactionManagementConfiguration] is not eligible for getting processed by all BeanPostProcessors (for example: not eligible for auto-proxying)
2020-01-02 17:46:25.185 log message -> Bean 'objectPostProcessor' of type [org.springframework.security.config.annotation.configuration.AutowireBeanFactoryObjectPostProcessor] is not eligible for getting processed by all BeanPostProcessors (for example: not eligible for auto-proxying)
2020-01-02 17:46:25.190 log message -> Bean 'org.springframework.security.access.expression.method.DefaultMethodSecurityExpressionHandler@37df14d1' of type [org.springframework.security.access.expression.method.DefaultMethodSecurityExpressionHandler] is not eligible for getting processed by all BeanPostProcessors (for example: not eligible for auto-proxying)
2020-01-02 17:46:25.192 log message -> Bean 'org.springframework.security.config.annotation.method.configuration.GlobalMethodSecurityConfiguration' of type [org.springframework.security.config.annotation.method.configuration.GlobalMethodSecurityConfiguration] is not eligible for getting processed by all BeanPostProcessors (for example: not eligible for auto-proxying)
2020-01-02 17:46:25.200 log message -> Bean 'methodSecurityMetadataSource' of type [org.springframework.security.access.method.DelegatingMethodSecurityMetadataSource] is not eligible for getting processed by all BeanPostProcessors (for example: not eligible for auto-proxying)
2020-01-02 17:46:25.746 log message -> Tomcat initialized with port(s): 8989 (http)
2020-01-02 17:46:25.762 log message -> Initializing ProtocolHandler ["http-nio-8989"]
2020-01-02 17:46:25.763 log message -> Starting service [Tomcat]
2020-01-02 17:46:25.763 log message -> Starting Servlet engine: [Apache Tomcat/9.0.29]
2020-01-02 17:46:25.914 log message -> Initializing Spring embedded WebApplicationContext
2020-01-02 17:46:25.916 log message -> Root WebApplicationContext: initialization completed in 3742 ms
2020-01-02 17:46:28.964 log message -> Creating filter chain: any request, [org.springframework.security.web.context.request.async.WebAsyncManagerIntegrationFilter@26d0ece6, org.springframework.security.web.context.SecurityContextPersistenceFilter@3751acd7, org.springframework.security.web.header.HeaderWriterFilter@14b8a751, org.springframework.security.web.authentication.logout.LogoutFilter@56b1e527, com.osen.aqms.webSecurity.config.JwtAuthenticationTokenFilter@411cd156, org.springframework.security.web.authentication.UsernamePasswordAuthenticationFilter@68c34db2, org.springframework.security.web.savedrequest.RequestCacheAwareFilter@150d6eaf, org.springframework.security.web.servletapi.SecurityContextHolderAwareRequestFilter@611c3eae, org.springframework.security.web.authentication.AnonymousAuthenticationFilter@100bba26, org.springframework.security.web.session.SessionManagementFilter@554566a8, org.springframework.security.web.access.ExceptionTranslationFilter@759a678a, org.springframework.security.web.access.intercept.FilterSecurityInterceptor@197ce367]
2020-01-02 17:46:29.315 log message -> Initializing ExecutorService 'applicationTaskExecutor'
2020-01-02 17:46:29.911 log message -> Initializing ExecutorService 'taskScheduler'
2020-01-02 17:46:30.031 log message -> Starting ProtocolHandler ["http-nio-8989"]
2020-01-02 17:46:30.071 log message -> Tomcat started on port(s): 8989 (http) with context path ''
2020-01-02 17:46:30.075 log message -> Started AqmsWebApplication in 9.433 seconds (JVM running for 10.96)
2020-01-02 17:46:51.191 log message -> Initializing Spring DispatcherServlet 'dispatcherServlet'
2020-01-02 17:46:51.191 log message -> Initializing Servlet 'dispatcherServlet'
2020-01-02 17:46:51.209 log message -> Completed initialization in 17 ms
2020-01-02 17:46:51.611 log message -> DatebookHikariCP - Starting...
2020-01-02 17:46:51.926 log message -> DatebookHikariCP - Start completed.
2020-01-02 17:46:52.207 log message -> User login successful......
2020-01-02 17:46:53.006 log message -> Starting without optional epoll library
2020-01-02 17:46:53.008 log message -> Starting without optional kqueue library
2020-01-02 18:04:51.109 log message -> Shutting down ExecutorService 'taskScheduler'
2020-01-02 18:04:51.114 log message -> Shutting down ExecutorService 'applicationTaskExecutor'
2020-01-02 18:04:51.121 log message -> DatebookHikariCP - Shutdown initiated...
2020-01-02 18:04:51.133 log message -> DatebookHikariCP - Shutdown completed.
2020-01-02 22:50:02.557 log message -> Starting AqmsWebApplication on YideMacBook-Pro.local with PID 830 (/Users/pangyi/Documents/WorkProjects/aqms-web/target/classes started by pangyi in /Users/pangyi/Documents/WorkProjects/aqms-web)
2020-01-02 22:50:02.565 log message -> The following profiles are active: dev
2020-01-02 22:50:03.248 log message -> Multiple Spring Data modules found, entering strict repository configuration mode!
2020-01-02 22:50:03.250 log message -> Bootstrapping Spring Data Redis repositories in DEFAULT mode.
2020-01-02 22:50:03.293 log message -> Finished Spring Data repository scanning in 30ms. Found 0 Redis repository interfaces.
2020-01-02 22:50:03.641 log message -> Bean 'org.springframework.security.config.annotation.configuration.ObjectPostProcessorConfiguration' of type [org.springframework.security.config.annotation.configuration.ObjectPostProcessorConfiguration] is not eligible for getting processed by all BeanPostProcessors (for example: not eligible for auto-proxying)
2020-01-02 22:50:03.648 log message -> Bean 'org.springframework.transaction.annotation.ProxyTransactionManagementConfiguration' of type [org.springframework.transaction.annotation.ProxyTransactionManagementConfiguration] is not eligible for getting processed by all BeanPostProcessors (for example: not eligible for auto-proxying)
2020-01-02 22:50:03.683 log message -> Bean 'objectPostProcessor' of type [org.springframework.security.config.annotation.configuration.AutowireBeanFactoryObjectPostProcessor] is not eligible for getting processed by all BeanPostProcessors (for example: not eligible for auto-proxying)
2020-01-02 22:50:03.685 log message -> Bean 'org.springframework.security.access.expression.method.DefaultMethodSecurityExpressionHandler@6e6d4780' of type [org.springframework.security.access.expression.method.DefaultMethodSecurityExpressionHandler] is not eligible for getting processed by all BeanPostProcessors (for example: not eligible for auto-proxying)
2020-01-02 22:50:03.687 log message -> Bean 'org.springframework.security.config.annotation.method.configuration.GlobalMethodSecurityConfiguration' of type [org.springframework.security.config.annotation.method.configuration.GlobalMethodSecurityConfiguration] is not eligible for getting processed by all BeanPostProcessors (for example: not eligible for auto-proxying)
2020-01-02 22:50:03.694 log message -> Bean 'methodSecurityMetadataSource' of type [org.springframework.security.access.method.DelegatingMethodSecurityMetadataSource] is not eligible for getting processed by all BeanPostProcessors (for example: not eligible for auto-proxying)
2020-01-02 22:50:03.976 log message -> Tomcat initialized with port(s): 8989 (http)
2020-01-02 22:50:03.984 log message -> Initializing ProtocolHandler ["http-nio-8989"]
2020-01-02 22:50:03.984 log message -> Starting service [Tomcat]
2020-01-02 22:50:03.985 log message -> Starting Servlet engine: [Apache Tomcat/9.0.29]
2020-01-02 22:50:04.047 log message -> Initializing Spring embedded WebApplicationContext
2020-01-02 22:50:04.048 log message -> Root WebApplicationContext: initialization completed in 1393 ms
2020-01-02 22:50:05.522 log message -> Creating filter chain: any request, [org.springframework.security.web.context.request.async.WebAsyncManagerIntegrationFilter@1ac0cdb0, org.springframework.security.web.context.SecurityContextPersistenceFilter@3f357c9d, org.springframework.security.web.header.HeaderWriterFilter@743bb39a, org.springframework.security.web.authentication.logout.LogoutFilter@589dfa6f, com.osen.aqms.webSecurity.config.JwtAuthenticationTokenFilter@541bf968, org.springframework.security.web.authentication.UsernamePasswordAuthenticationFilter@43588265, org.springframework.security.web.savedrequest.RequestCacheAwareFilter@5458c71e, org.springframework.security.web.servletapi.SecurityContextHolderAwareRequestFilter@36463b09, org.springframework.security.web.authentication.AnonymousAuthenticationFilter@6684f7f2, org.springframework.security.web.session.SessionManagementFilter@3f3c8b60, org.springframework.security.web.access.ExceptionTranslationFilter@2120bed, org.springframework.security.web.access.intercept.FilterSecurityInterceptor@2b098563]
2020-01-02 22:50:05.745 log message -> Initializing ExecutorService 'applicationTaskExecutor'
2020-01-02 22:50:06.046 log message -> Initializing ExecutorService 'taskScheduler'
2020-01-02 22:50:06.106 log message -> Starting ProtocolHandler ["http-nio-8989"]
2020-01-02 22:50:06.139 log message -> Tomcat started on port(s): 8989 (http) with context path ''
2020-01-02 22:50:06.143 log message -> Started AqmsWebApplication in 4.282 seconds (JVM running for 5.465)
2020-01-02 22:51:04.929 log message -> Initializing Spring DispatcherServlet 'dispatcherServlet'
2020-01-02 22:51:04.929 log message -> Initializing Servlet 'dispatcherServlet'
2020-01-02 22:51:04.938 log message -> Completed initialization in 9 ms
2020-01-02 22:51:05.113 log message -> DatebookHikariCP - Starting...
2020-01-02 22:51:05.472 log message -> DatebookHikariCP - Start completed.
2020-01-02 22:51:05.686 log message -> User login successful......
2020-01-02 22:51:06.096 log message -> Starting without optional epoll library
2020-01-02 22:51:06.097 log message -> Starting without optional kqueue library
2020-01-02 23:03:02.333 log message -> Shutting down ExecutorService 'taskScheduler'
2020-01-02 23:03:02.334 log message -> Shutting down ExecutorService 'applicationTaskExecutor'
2020-01-02 23:03:02.336 log message -> DatebookHikariCP - Shutdown initiated...
2020-01-02 23:03:02.341 log message -> DatebookHikariCP - Shutdown completed.
2020-01-02 23:03:38.086 log message -> Starting AqmsWebApplication on YideMacBook-Pro.local with PID 867 (/Users/pangyi/Documents/WorkProjects/aqms-web/target/classes started by pangyi in /Users/pangyi/Documents/WorkProjects/aqms-web)
2020-01-02 23:03:38.088 log message -> The following profiles are active: dev
2020-01-02 23:03:38.805 log message -> Multiple Spring Data modules found, entering strict repository configuration mode!
2020-01-02 23:03:38.806 log message -> Bootstrapping Spring Data Redis repositories in DEFAULT mode.
2020-01-02 23:03:38.839 log message -> Finished Spring Data repository scanning in 23ms. Found 0 Redis repository interfaces.
2020-01-02 23:03:39.128 log message -> Bean 'org.springframework.security.config.annotation.configuration.ObjectPostProcessorConfiguration' of type [org.springframework.security.config.annotation.configuration.ObjectPostProcessorConfiguration] is not eligible for getting processed by all BeanPostProcessors (for example: not eligible for auto-proxying)
2020-01-02 23:03:39.132 log message -> Bean 'org.springframework.transaction.annotation.ProxyTransactionManagementConfiguration' of type [org.springframework.transaction.annotation.ProxyTransactionManagementConfiguration] is not eligible for getting processed by all BeanPostProcessors (for example: not eligible for auto-proxying)
2020-01-02 23:03:39.157 log message -> Bean 'objectPostProcessor' of type [org.springframework.security.config.annotation.configuration.AutowireBeanFactoryObjectPostProcessor] is not eligible for getting processed by all BeanPostProcessors (for example: not eligible for auto-proxying)
2020-01-02 23:03:39.159 log message -> Bean 'org.springframework.security.access.expression.method.DefaultMethodSecurityExpressionHandler@1bb740f2' of type [org.springframework.security.access.expression.method.DefaultMethodSecurityExpressionHandler] is not eligible for getting processed by all BeanPostProcessors (for example: not eligible for auto-proxying)
2020-01-02 23:03:39.161 log message -> Bean 'org.springframework.security.config.annotation.method.configuration.GlobalMethodSecurityConfiguration' of type [org.springframework.security.config.annotation.method.configuration.GlobalMethodSecurityConfiguration] is not eligible for getting processed by all BeanPostProcessors (for example: not eligible for auto-proxying)
2020-01-02 23:03:39.165 log message -> Bean 'methodSecurityMetadataSource' of type [org.springframework.security.access.method.DelegatingMethodSecurityMetadataSource] is not eligible for getting processed by all BeanPostProcessors (for example: not eligible for auto-proxying)
2020-01-02 23:03:39.423 log message -> Tomcat initialized with port(s): 8989 (http)
2020-01-02 23:03:39.434 log message -> Initializing ProtocolHandler ["http-nio-8989"]
2020-01-02 23:03:39.435 log message -> Starting service [Tomcat]
2020-01-02 23:03:39.436 log message -> Starting Servlet engine: [Apache Tomcat/9.0.29]
2020-01-02 23:03:39.517 log message -> Initializing Spring embedded WebApplicationContext
2020-01-02 23:03:39.517 log message -> Root WebApplicationContext: initialization completed in 1350 ms
2020-01-02 23:03:40.965 log message -> Creating filter chain: any request, [org.springframework.security.web.context.request.async.WebAsyncManagerIntegrationFilter@75839695, org.springframework.security.web.context.SecurityContextPersistenceFilter@2e2b9f53, org.springframework.security.web.header.HeaderWriterFilter@e2b3026, org.springframework.security.web.authentication.logout.LogoutFilter@49cb5030, com.osen.aqms.webSecurity.config.JwtAuthenticationTokenFilter@553d2579, org.springframework.security.web.authentication.UsernamePasswordAuthenticationFilter@23c7cb18, org.springframework.security.web.savedrequest.RequestCacheAwareFilter@1b3bec6c, org.springframework.security.web.servletapi.SecurityContextHolderAwareRequestFilter@7b7068d8, org.springframework.security.web.authentication.AnonymousAuthenticationFilter@21a6a494, org.springframework.security.web.session.SessionManagementFilter@6ef037e4, org.springframework.security.web.access.ExceptionTranslationFilter@15586843, org.springframework.security.web.access.intercept.FilterSecurityInterceptor@376b5cb2]
2020-01-02 23:03:41.126 log message -> Initializing ExecutorService 'applicationTaskExecutor'
2020-01-02 23:03:41.432 log message -> Initializing ExecutorService 'taskScheduler'
2020-01-02 23:03:41.502 log message -> Starting ProtocolHandler ["http-nio-8989"]
2020-01-02 23:03:41.537 log message -> Tomcat started on port(s): 8989 (http) with context path ''
2020-01-02 23:03:41.541 log message -> Started AqmsWebApplication in 4.187 seconds (JVM running for 4.844)
2020-01-02 23:03:50.282 log message -> Initializing Spring DispatcherServlet 'dispatcherServlet'
2020-01-02 23:03:50.283 log message -> Initializing Servlet 'dispatcherServlet'
2020-01-02 23:03:50.298 log message -> Completed initialization in 15 ms
2020-01-02 23:03:50.479 log message -> Starting without optional epoll library
2020-01-02 23:03:50.482 log message -> Starting without optional kqueue library
2020-01-02 23:03:51.454 log message -> DatebookHikariCP - Starting...
2020-01-02 23:03:51.872 log message -> DatebookHikariCP - Start completed.
2020-01-02 23:04:32.565 log message -> Shutting down ExecutorService 'taskScheduler'
2020-01-02 23:04:32.567 log message -> Shutting down ExecutorService 'applicationTaskExecutor'
2020-01-02 23:04:32.568 log message -> DatebookHikariCP - Shutdown initiated...
2020-01-02 23:04:32.573 log message -> DatebookHikariCP - Shutdown completed.
2020-01-02 23:08:13.357 log message -> Starting AqmsWebApplication on YideMacBook-Pro.local with PID 883 (/Users/pangyi/Documents/WorkProjects/aqms-web/target/classes started by pangyi in /Users/pangyi/Documents/WorkProjects/aqms-web)
2020-01-02 23:08:13.359 log message -> The following profiles are active: dev
2020-01-02 23:08:13.912 log message -> Multiple Spring Data modules found, entering strict repository configuration mode!
2020-01-02 23:08:13.913 log message -> Bootstrapping Spring Data Redis repositories in DEFAULT mode.
2020-01-02 23:08:13.949 log message -> Finished Spring Data repository scanning in 25ms. Found 0 Redis repository interfaces.
2020-01-02 23:08:14.265 log message -> Bean 'org.springframework.security.config.annotation.configuration.ObjectPostProcessorConfiguration' of type [org.springframework.security.config.annotation.configuration.ObjectPostProcessorConfiguration] is not eligible for getting processed by all BeanPostProcessors (for example: not eligible for auto-proxying)
2020-01-02 23:08:14.270 log message -> Bean 'org.springframework.transaction.annotation.ProxyTransactionManagementConfiguration' of type [org.springframework.transaction.annotation.ProxyTransactionManagementConfiguration] is not eligible for getting processed by all BeanPostProcessors (for example: not eligible for auto-proxying)
2020-01-02 23:08:14.298 log message -> Bean 'objectPostProcessor' of type [org.springframework.security.config.annotation.configuration.AutowireBeanFactoryObjectPostProcessor] is not eligible for getting processed by all BeanPostProcessors (for example: not eligible for auto-proxying)
2020-01-02 23:08:14.300 log message -> Bean 'org.springframework.security.access.expression.method.DefaultMethodSecurityExpressionHandler@51ec2856' of type [org.springframework.security.access.expression.method.DefaultMethodSecurityExpressionHandler] is not eligible for getting processed by all BeanPostProcessors (for example: not eligible for auto-proxying)
2020-01-02 23:08:14.303 log message -> Bean 'org.springframework.security.config.annotation.method.configuration.GlobalMethodSecurityConfiguration' of type [org.springframework.security.config.annotation.method.configuration.GlobalMethodSecurityConfiguration] is not eligible for getting processed by all BeanPostProcessors (for example: not eligible for auto-proxying)
2020-01-02 23:08:14.307 log message -> Bean 'methodSecurityMetadataSource' of type [org.springframework.security.access.method.DelegatingMethodSecurityMetadataSource] is not eligible for getting processed by all BeanPostProcessors (for example: not eligible for auto-proxying)
2020-01-02 23:08:14.544 log message -> Tomcat initialized with port(s): 8989 (http)
2020-01-02 23:08:14.553 log message -> Initializing ProtocolHandler ["http-nio-8989"]
2020-01-02 23:08:14.554 log message -> Starting service [Tomcat]
2020-01-02 23:08:14.554 log message -> Starting Servlet engine: [Apache Tomcat/9.0.29]
2020-01-02 23:08:14.622 log message -> Initializing Spring embedded WebApplicationContext
2020-01-02 23:08:14.622 log message -> Root WebApplicationContext: initialization completed in 1218 ms
2020-01-02 23:08:15.977 log message -> Creating filter chain: any request, [org.springframework.security.web.context.request.async.WebAsyncManagerIntegrationFilter@70f4f89e, org.springframework.security.web.context.SecurityContextPersistenceFilter@2c2e3460, org.springframework.security.web.header.HeaderWriterFilter@1a7163e3, org.springframework.security.web.authentication.logout.LogoutFilter@49038f97, com.osen.aqms.webSecurity.config.JwtAuthenticationTokenFilter@1e12a5a6, org.springframework.security.web.authentication.UsernamePasswordAuthenticationFilter@36211bbc, org.springframework.security.web.savedrequest.RequestCacheAwareFilter@2b170932, org.springframework.security.web.servletapi.SecurityContextHolderAwareRequestFilter@70c491b8, org.springframework.security.web.authentication.AnonymousAuthenticationFilter@634aa81e, org.springframework.security.web.session.SessionManagementFilter@5e69cf07, org.springframework.security.web.access.ExceptionTranslationFilter@796c68bf, org.springframework.security.web.access.intercept.FilterSecurityInterceptor@56da96b3]
2020-01-02 23:08:16.119 log message -> Initializing ExecutorService 'applicationTaskExecutor'
2020-01-02 23:08:16.396 log message -> Initializing ExecutorService 'taskScheduler'
2020-01-02 23:08:16.444 log message -> Starting ProtocolHandler ["http-nio-8989"]
2020-01-02 23:08:16.477 log message -> Tomcat started on port(s): 8989 (http) with context path ''
2020-01-02 23:08:16.480 log message -> Started AqmsWebApplication in 3.644 seconds (JVM running for 4.283)
2020-01-02 23:08:43.129 log message -> Initializing Spring DispatcherServlet 'dispatcherServlet'
2020-01-02 23:08:43.130 log message -> Initializing Servlet 'dispatcherServlet'
2020-01-02 23:08:43.142 log message -> Completed initialization in 12 ms
2020-01-02 23:08:43.278 log message -> Starting without optional epoll library
2020-01-02 23:08:43.280 log message -> Starting without optional kqueue library
2020-01-02 23:08:44.251 log message -> DatebookHikariCP - Starting...
2020-01-02 23:08:44.617 log message -> DatebookHikariCP - Start completed.
2020-01-02 23:09:19.678 log message -> Shutting down ExecutorService 'taskScheduler'
2020-01-02 23:09:19.679 log message -> Shutting down ExecutorService 'applicationTaskExecutor'
2020-01-02 23:09:19.681 log message -> DatebookHikariCP - Shutdown initiated...
2020-01-02 23:09:19.689 log message -> DatebookHikariCP - Shutdown completed.
2020-01-02 23:09:24.693 log message -> Starting AqmsWebApplication on YideMacBook-Pro.local with PID 894 (/Users/pangyi/Documents/WorkProjects/aqms-web/target/classes started by pangyi in /Users/pangyi/Documents/WorkProjects/aqms-web)
2020-01-02 23:09:24.695 log message -> The following profiles are active: dev
2020-01-02 23:09:25.231 log message -> Multiple Spring Data modules found, entering strict repository configuration mode!
2020-01-02 23:09:25.232 log message -> Bootstrapping Spring Data Redis repositories in DEFAULT mode.
2020-01-02 23:09:25.267 log message -> Finished Spring Data repository scanning in 25ms. Found 0 Redis repository interfaces.
2020-01-02 23:09:25.552 log message -> Bean 'org.springframework.security.config.annotation.configuration.ObjectPostProcessorConfiguration' of type [org.springframework.security.config.annotation.configuration.ObjectPostProcessorConfiguration] is not eligible for getting processed by all BeanPostProcessors (for example: not eligible for auto-proxying)
2020-01-02 23:09:25.556 log message -> Bean 'org.springframework.transaction.annotation.ProxyTransactionManagementConfiguration' of type [org.springframework.transaction.annotation.ProxyTransactionManagementConfiguration] is not eligible for getting processed by all BeanPostProcessors (for example: not eligible for auto-proxying)
2020-01-02 23:09:25.577 log message -> Bean 'objectPostProcessor' of type [org.springframework.security.config.annotation.configuration.AutowireBeanFactoryObjectPostProcessor] is not eligible for getting processed by all BeanPostProcessors (for example: not eligible for auto-proxying)
2020-01-02 23:09:25.580 log message -> Bean 'org.springframework.security.access.expression.method.DefaultMethodSecurityExpressionHandler@554c4eaa' of type [org.springframework.security.access.expression.method.DefaultMethodSecurityExpressionHandler] is not eligible for getting processed by all BeanPostProcessors (for example: not eligible for auto-proxying)
2020-01-02 23:09:25.581 log message -> Bean 'org.springframework.security.config.annotation.method.configuration.GlobalMethodSecurityConfiguration' of type [org.springframework.security.config.annotation.method.configuration.GlobalMethodSecurityConfiguration] is not eligible for getting processed by all BeanPostProcessors (for example: not eligible for auto-proxying)
2020-01-02 23:09:25.585 log message -> Bean 'methodSecurityMetadataSource' of type [org.springframework.security.access.method.DelegatingMethodSecurityMetadataSource] is not eligible for getting processed by all BeanPostProcessors (for example: not eligible for auto-proxying)
2020-01-02 23:09:25.767 log message -> Tomcat initialized with port(s): 8989 (http)
2020-01-02 23:09:25.777 log message -> Initializing ProtocolHandler ["http-nio-8989"]
2020-01-02 23:09:25.778 log message -> Starting service [Tomcat]
2020-01-02 23:09:25.779 log message -> Starting Servlet engine: [Apache Tomcat/9.0.29]
2020-01-02 23:09:25.858 log message -> Initializing Spring embedded WebApplicationContext
2020-01-02 23:09:25.859 log message -> Root WebApplicationContext: initialization completed in 1122 ms
2020-01-02 23:09:27.276 log message -> Creating filter chain: any request, [org.springframework.security.web.context.request.async.WebAsyncManagerIntegrationFilter@6ef1c3f7, org.springframework.security.web.context.SecurityContextPersistenceFilter@4522d793, org.springframework.security.web.header.HeaderWriterFilter@4536a715, org.springframework.security.web.authentication.logout.LogoutFilter@775f15fd, com.osen.aqms.webSecurity.config.JwtAuthenticationTokenFilter@677ce519, org.springframework.security.web.authentication.UsernamePasswordAuthenticationFilter@106cd9c8, org.springframework.security.web.savedrequest.RequestCacheAwareFilter@4438b862, org.springframework.security.web.servletapi.SecurityContextHolderAwareRequestFilter@2565a7d0, org.springframework.security.web.authentication.AnonymousAuthenticationFilter@3386c206, org.springframework.security.web.session.SessionManagementFilter@37c2f0b4, org.springframework.security.web.access.ExceptionTranslationFilter@47f2c722, org.springframework.security.web.access.intercept.FilterSecurityInterceptor@506aa618]
2020-01-02 23:09:27.413 log message -> Initializing ExecutorService 'applicationTaskExecutor'
2020-01-02 23:09:27.677 log message -> Initializing ExecutorService 'taskScheduler'
2020-01-02 23:09:27.728 log message -> Starting ProtocolHandler ["http-nio-8989"]
2020-01-02 23:09:27.759 log message -> Tomcat started on port(s): 8989 (http) with context path ''
2020-01-02 23:09:27.762 log message -> Started AqmsWebApplication in 3.538 seconds (JVM running for 4.114)
2020-01-02 23:09:33.851 log message -> Initializing Spring DispatcherServlet 'dispatcherServlet'
2020-01-02 23:09:33.851 log message -> Initializing Servlet 'dispatcherServlet'
2020-01-02 23:09:33.858 log message -> Completed initialization in 7 ms
2020-01-02 23:09:34.005 log message -> Starting without optional epoll library
2020-01-02 23:09:34.007 log message -> Starting without optional kqueue library
2020-01-02 23:09:35.026 log message -> DatebookHikariCP - Starting...
2020-01-02 23:09:35.459 log message -> DatebookHikariCP - Start completed.
2020-01-02 23:10:59.272 log message -> Shutting down ExecutorService 'taskScheduler'
2020-01-02 23:10:59.273 log message -> Shutting down ExecutorService 'applicationTaskExecutor'
2020-01-02 23:10:59.275 log message -> DatebookHikariCP - Shutdown initiated...
2020-01-02 23:10:59.282 log message -> DatebookHikariCP - Shutdown completed.
2020-01-02 23:11:04.678 log message -> Starting AqmsWebApplication on YideMacBook-Pro.local with PID 910 (/Users/pangyi/Documents/WorkProjects/aqms-web/target/classes started by pangyi in /Users/pangyi/Documents/WorkProjects/aqms-web)
2020-01-02 23:11:04.681 log message -> The following profiles are active: dev
2020-01-02 23:11:05.254 log message -> Multiple Spring Data modules found, entering strict repository configuration mode!
2020-01-02 23:11:05.255 log message -> Bootstrapping Spring Data Redis repositories in DEFAULT mode.
2020-01-02 23:11:05.291 log message -> Finished Spring Data repository scanning in 25ms. Found 0 Redis repository interfaces.
2020-01-02 23:11:05.573 log message -> Bean 'org.springframework.security.config.annotation.configuration.ObjectPostProcessorConfiguration' of type [org.springframework.security.config.annotation.configuration.ObjectPostProcessorConfiguration] is not eligible for getting processed by all BeanPostProcessors (for example: not eligible for auto-proxying)
2020-01-02 23:11:05.578 log message -> Bean 'org.springframework.transaction.annotation.ProxyTransactionManagementConfiguration' of type [org.springframework.transaction.annotation.ProxyTransactionManagementConfiguration] is not eligible for getting processed by all BeanPostProcessors (for example: not eligible for auto-proxying)
2020-01-02 23:11:05.605 log message -> Bean 'objectPostProcessor' of type [org.springframework.security.config.annotation.configuration.AutowireBeanFactoryObjectPostProcessor] is not eligible for getting processed by all BeanPostProcessors (for example: not eligible for auto-proxying)
2020-01-02 23:11:05.607 log message -> Bean 'org.springframework.security.access.expression.method.DefaultMethodSecurityExpressionHandler@608fe01f' of type [org.springframework.security.access.expression.method.DefaultMethodSecurityExpressionHandler] is not eligible for getting processed by all BeanPostProcessors (for example: not eligible for auto-proxying)
2020-01-02 23:11:05.608 log message -> Bean 'org.springframework.security.config.annotation.method.configuration.GlobalMethodSecurityConfiguration' of type [org.springframework.security.config.annotation.method.configuration.GlobalMethodSecurityConfiguration] is not eligible for getting processed by all BeanPostProcessors (for example: not eligible for auto-proxying)
2020-01-02 23:11:05.613 log message -> Bean 'methodSecurityMetadataSource' of type [org.springframework.security.access.method.DelegatingMethodSecurityMetadataSource] is not eligible for getting processed by all BeanPostProcessors (for example: not eligible for auto-proxying)
2020-01-02 23:11:05.863 log message -> Tomcat initialized with port(s): 8989 (http)
2020-01-02 23:11:05.874 log message -> Initializing ProtocolHandler ["http-nio-8989"]
2020-01-02 23:11:05.876 log message -> Starting service [Tomcat]
2020-01-02 23:11:05.877 log message -> Starting Servlet engine: [Apache Tomcat/9.0.29]
2020-01-02 23:11:05.942 log message -> Initializing Spring embedded WebApplicationContext
2020-01-02 23:11:05.942 log message -> Root WebApplicationContext: initialization completed in 1210 ms
2020-01-02 23:11:07.357 log message -> Creating filter chain: any request, [org.springframework.security.web.context.request.async.WebAsyncManagerIntegrationFilter@7bc2ae16, org.springframework.security.web.context.SecurityContextPersistenceFilter@69eb544f, org.springframework.security.web.header.HeaderWriterFilter@5ce3409b, org.springframework.security.web.authentication.logout.LogoutFilter@64c8fcfb, com.osen.aqms.webSecurity.config.JwtAuthenticationTokenFilter@30c19bff, org.springframework.security.web.authentication.UsernamePasswordAuthenticationFilter@21be14c2, org.springframework.security.web.savedrequest.RequestCacheAwareFilter@b5c902, org.springframework.security.web.servletapi.SecurityContextHolderAwareRequestFilter@59ec7020, org.springframework.security.web.authentication.AnonymousAuthenticationFilter@2a0963be, org.springframework.security.web.session.SessionManagementFilter@66234b0f, org.springframework.security.web.access.ExceptionTranslationFilter@7be38eba, org.springframework.security.web.access.intercept.FilterSecurityInterceptor@3a5e2525]
2020-01-02 23:11:07.483 log message -> Initializing ExecutorService 'applicationTaskExecutor'
2020-01-02 23:11:07.766 log message -> Initializing ExecutorService 'taskScheduler'
2020-01-02 23:11:07.828 log message -> Starting ProtocolHandler ["http-nio-8989"]
2020-01-02 23:11:07.861 log message -> Tomcat started on port(s): 8989 (http) with context path ''
2020-01-02 23:11:07.865 log message -> Started AqmsWebApplication in 3.75 seconds (JVM running for 4.382)
2020-01-02 23:11:11.243 log message -> Initializing Spring DispatcherServlet 'dispatcherServlet'
2020-01-02 23:11:11.243 log message -> Initializing Servlet 'dispatcherServlet'
2020-01-02 23:11:11.251 log message -> Completed initialization in 8 ms
2020-01-02 23:11:11.395 log message -> Starting without optional epoll library
2020-01-02 23:11:11.396 log message -> Starting without optional kqueue library
2020-01-02 23:11:12.713 log message -> DatebookHikariCP - Starting...
2020-01-02 23:11:13.566 log message -> DatebookHikariCP - Start completed.
2020-01-02 23:12:13.184 log message -> Shutting down ExecutorService 'taskScheduler'
2020-01-02 23:12:13.185 log message -> Shutting down ExecutorService 'applicationTaskExecutor'
2020-01-02 23:12:13.186 log message -> DatebookHikariCP - Shutdown initiated...
2020-01-02 23:12:13.191 log message -> DatebookHikariCP - Shutdown completed.
2020-01-02 23:12:17.427 log message -> Starting AqmsWebApplication on YideMacBook-Pro.local with PID 921 (/Users/pangyi/Documents/WorkProjects/aqms-web/target/classes started by pangyi in /Users/pangyi/Documents/WorkProjects/aqms-web)
2020-01-02 23:12:17.430 log message -> The following profiles are active: dev
2020-01-02 23:12:18.002 log message -> Multiple Spring Data modules found, entering strict repository configuration mode!
2020-01-02 23:12:18.004 log message -> Bootstrapping Spring Data Redis repositories in DEFAULT mode.
2020-01-02 23:12:18.046 log message -> Finished Spring Data repository scanning in 29ms. Found 0 Redis repository interfaces.
2020-01-02 23:12:18.359 log message -> Bean 'org.springframework.security.config.annotation.configuration.ObjectPostProcessorConfiguration' of type [org.springframework.security.config.annotation.configuration.ObjectPostProcessorConfiguration] is not eligible for getting processed by all BeanPostProcessors (for example: not eligible for auto-proxying)
2020-01-02 23:12:18.364 log message -> Bean 'org.springframework.transaction.annotation.ProxyTransactionManagementConfiguration' of type [org.springframework.transaction.annotation.ProxyTransactionManagementConfiguration] is not eligible for getting processed by all BeanPostProcessors (for example: not eligible for auto-proxying)
2020-01-02 23:12:18.388 log message -> Bean 'objectPostProcessor' of type [org.springframework.security.config.annotation.configuration.AutowireBeanFactoryObjectPostProcessor] is not eligible for getting processed by all BeanPostProcessors (for example: not eligible for auto-proxying)
2020-01-02 23:12:18.390 log message -> Bean 'org.springframework.security.access.expression.method.DefaultMethodSecurityExpressionHandler@10f7918f' of type [org.springframework.security.access.expression.method.DefaultMethodSecurityExpressionHandler] is not eligible for getting processed by all BeanPostProcessors (for example: not eligible for auto-proxying)
2020-01-02 23:12:18.391 log message -> Bean 'org.springframework.security.config.annotation.method.configuration.GlobalMethodSecurityConfiguration' of type [org.springframework.security.config.annotation.method.configuration.GlobalMethodSecurityConfiguration] is not eligible for getting processed by all BeanPostProcessors (for example: not eligible for auto-proxying)
2020-01-02 23:12:18.395 log message -> Bean 'methodSecurityMetadataSource' of type [org.springframework.security.access.method.DelegatingMethodSecurityMetadataSource] is not eligible for getting processed by all BeanPostProcessors (for example: not eligible for auto-proxying)
2020-01-02 23:12:18.587 log message -> Tomcat initialized with port(s): 8989 (http)
2020-01-02 23:12:18.598 log message -> Initializing ProtocolHandler ["http-nio-8989"]
2020-01-02 23:12:18.599 log message -> Starting service [Tomcat]
2020-01-02 23:12:18.599 log message -> Starting Servlet engine: [Apache Tomcat/9.0.29]
2020-01-02 23:12:18.677 log message -> Initializing Spring embedded WebApplicationContext
2020-01-02 23:12:18.677 log message -> Root WebApplicationContext: initialization completed in 1203 ms
2020-01-02 23:12:20.056 log message -> Creating filter chain: any request, [org.springframework.security.web.context.request.async.WebAsyncManagerIntegrationFilter@baa9ce4, org.springframework.security.web.context.SecurityContextPersistenceFilter@677cb96e, org.springframework.security.web.header.HeaderWriterFilter@6c995c5d, org.springframework.security.web.authentication.logout.LogoutFilter@1cba0321, com.osen.aqms.webSecurity.config.JwtAuthenticationTokenFilter@626d2016, org.springframework.security.web.authentication.UsernamePasswordAuthenticationFilter@795f6681, org.springframework.security.web.savedrequest.RequestCacheAwareFilter@19d53ab4, org.springframework.security.web.servletapi.SecurityContextHolderAwareRequestFilter@713999c2, org.springframework.security.web.authentication.AnonymousAuthenticationFilter@5b332439, org.springframework.security.web.session.SessionManagementFilter@730bea0, org.springframework.security.web.access.ExceptionTranslationFilter@5b44318, org.springframework.security.web.access.intercept.FilterSecurityInterceptor@3e74fd84]
2020-01-02 23:12:20.214 log message -> Initializing ExecutorService 'applicationTaskExecutor'
2020-01-02 23:12:20.484 log message -> Initializing ExecutorService 'taskScheduler'
2020-01-02 23:12:20.535 log message -> Starting ProtocolHandler ["http-nio-8989"]
2020-01-02 23:12:20.566 log message -> Tomcat started on port(s): 8989 (http) with context path ''
2020-01-02 23:12:20.569 log message -> Started AqmsWebApplication in 3.62 seconds (JVM running for 4.216)
2020-01-02 23:12:25.100 log message -> Initializing Spring DispatcherServlet 'dispatcherServlet'
2020-01-02 23:12:25.100 log message -> Initializing Servlet 'dispatcherServlet'
2020-01-02 23:12:25.109 log message -> Completed initialization in 9 ms
2020-01-02 23:12:25.256 log message -> Starting without optional epoll library
2020-01-02 23:12:25.258 log message -> Starting without optional kqueue library
2020-01-02 23:12:26.778 log message -> DatebookHikariCP - Starting...
2020-01-02 23:12:27.240 log message -> DatebookHikariCP - Start completed.
2020-01-02 23:12:58.666 log message -> Shutting down ExecutorService 'taskScheduler'
2020-01-02 23:12:58.668 log message -> Shutting down ExecutorService 'applicationTaskExecutor'
2020-01-02 23:12:58.669 log message -> DatebookHikariCP - Shutdown initiated...
2020-01-02 23:12:58.675 log message -> DatebookHikariCP - Shutdown completed.
2020-01-02 23:14:40.860 log message -> Starting AqmsWebApplication on YideMacBook-Pro.local with PID 930 (/Users/pangyi/Documents/WorkProjects/aqms-web/target/classes started by pangyi in /Users/pangyi/Documents/WorkProjects/aqms-web)
2020-01-02 23:14:40.862 log message -> The following profiles are active: dev
2020-01-02 23:14:41.400 log message -> Multiple Spring Data modules found, entering strict repository configuration mode!
2020-01-02 23:14:41.401 log message -> Bootstrapping Spring Data Redis repositories in DEFAULT mode.
2020-01-02 23:14:41.434 log message -> Finished Spring Data repository scanning in 23ms. Found 0 Redis repository interfaces.
2020-01-02 23:14:41.733 log message -> Bean 'org.springframework.security.config.annotation.configuration.ObjectPostProcessorConfiguration' of type [org.springframework.security.config.annotation.configuration.ObjectPostProcessorConfiguration] is not eligible for getting processed by all BeanPostProcessors (for example: not eligible for auto-proxying)
2020-01-02 23:14:41.738 log message -> Bean 'org.springframework.transaction.annotation.ProxyTransactionManagementConfiguration' of type [org.springframework.transaction.annotation.ProxyTransactionManagementConfiguration] is not eligible for getting processed by all BeanPostProcessors (for example: not eligible for auto-proxying)
2020-01-02 23:14:41.761 log message -> Bean 'objectPostProcessor' of type [org.springframework.security.config.annotation.configuration.AutowireBeanFactoryObjectPostProcessor] is not eligible for getting processed by all BeanPostProcessors (for example: not eligible for auto-proxying)
2020-01-02 23:14:41.763 log message -> Bean 'org.springframework.security.access.expression.method.DefaultMethodSecurityExpressionHandler@3289079a' of type [org.springframework.security.access.expression.method.DefaultMethodSecurityExpressionHandler] is not eligible for getting processed by all BeanPostProcessors (for example: not eligible for auto-proxying)
2020-01-02 23:14:41.765 log message -> Bean 'org.springframework.security.config.annotation.method.configuration.GlobalMethodSecurityConfiguration' of type [org.springframework.security.config.annotation.method.configuration.GlobalMethodSecurityConfiguration] is not eligible for getting processed by all BeanPostProcessors (for example: not eligible for auto-proxying)
2020-01-02 23:14:41.769 log message -> Bean 'methodSecurityMetadataSource' of type [org.springframework.security.access.method.DelegatingMethodSecurityMetadataSource] is not eligible for getting processed by all BeanPostProcessors (for example: not eligible for auto-proxying)
2020-01-02 23:14:41.943 log message -> Tomcat initialized with port(s): 8989 (http)
2020-01-02 23:14:41.953 log message -> Initializing ProtocolHandler ["http-nio-8989"]
2020-01-02 23:14:41.954 log message -> Starting service [Tomcat]
2020-01-02 23:14:41.955 log message -> Starting Servlet engine: [Apache Tomcat/9.0.29]
2020-01-02 23:14:42.037 log message -> Initializing Spring embedded WebApplicationContext
2020-01-02 23:14:42.038 log message -> Root WebApplicationContext: initialization completed in 1131 ms
2020-01-02 23:14:43.421 log message -> Creating filter chain: any request, [org.springframework.security.web.context.request.async.WebAsyncManagerIntegrationFilter@340c5fb6, org.springframework.security.web.context.SecurityContextPersistenceFilter@106cd9c8, org.springframework.security.web.header.HeaderWriterFilter@71e2c6d8, org.springframework.security.web.authentication.logout.LogoutFilter@37a67cf, com.osen.aqms.webSecurity.config.JwtAuthenticationTokenFilter@2199e845, org.springframework.security.web.authentication.UsernamePasswordAuthenticationFilter@5822ecda, org.springframework.security.web.savedrequest.RequestCacheAwareFilter@78318ac2, org.springframework.security.web.servletapi.SecurityContextHolderAwareRequestFilter@37fef327, org.springframework.security.web.authentication.AnonymousAuthenticationFilter@322b09da, org.springframework.security.web.session.SessionManagementFilter@376b5cb2, org.springframework.security.web.access.ExceptionTranslationFilter@46b6701e, org.springframework.security.web.access.intercept.FilterSecurityInterceptor@39c7fb0b]
2020-01-02 23:14:43.562 log message -> Initializing ExecutorService 'applicationTaskExecutor'
2020-01-02 23:14:43.869 log message -> Initializing ExecutorService 'taskScheduler'
2020-01-02 23:14:43.938 log message -> Starting ProtocolHandler ["http-nio-8989"]
2020-01-02 23:14:43.974 log message -> Tomcat started on port(s): 8989 (http) with context path ''
2020-01-02 23:14:43.978 log message -> Started AqmsWebApplication in 3.599 seconds (JVM running for 4.215)
2020-01-02 23:14:53.114 log message -> Initializing Spring DispatcherServlet 'dispatcherServlet'
2020-01-02 23:14:53.115 log message -> Initializing Servlet 'dispatcherServlet'
2020-01-02 23:14:53.128 log message -> Completed initialization in 13 ms
2020-01-02 23:14:53.319 log message -> Starting without optional epoll library
2020-01-02 23:14:53.323 log message -> Starting without optional kqueue library
2020-01-02 23:14:54.528 log message -> DatebookHikariCP - Starting...
2020-01-02 23:14:54.898 log message -> DatebookHikariCP - Start completed.
2020-01-02 23:15:43.706 log message -> Shutting down ExecutorService 'taskScheduler'
2020-01-02 23:15:43.707 log message -> Shutting down ExecutorService 'applicationTaskExecutor'
2020-01-02 23:15:43.709 log message -> DatebookHikariCP - Shutdown initiated...
2020-01-02 23:15:43.715 log message -> DatebookHikariCP - Shutdown completed.
2020-01-02 23:15:49.516 log message -> Starting AqmsWebApplication on YideMacBook-Pro.local with PID 942 (/Users/pangyi/Documents/WorkProjects/aqms-web/target/classes started by pangyi in /Users/pangyi/Documents/WorkProjects/aqms-web)
2020-01-02 23:15:49.518 log message -> The following profiles are active: dev
2020-01-02 23:15:50.134 log message -> Multiple Spring Data modules found, entering strict repository configuration mode!
2020-01-02 23:15:50.136 log message -> Bootstrapping Spring Data Redis repositories in DEFAULT mode.
2020-01-02 23:15:50.176 log message -> Finished Spring Data repository scanning in 29ms. Found 0 Redis repository interfaces.
2020-01-02 23:15:50.503 log message -> Bean 'org.springframework.security.config.annotation.configuration.ObjectPostProcessorConfiguration' of type [org.springframework.security.config.annotation.configuration.ObjectPostProcessorConfiguration] is not eligible for getting processed by all BeanPostProcessors (for example: not eligible for auto-proxying)
2020-01-02 23:15:50.508 log message -> Bean 'org.springframework.transaction.annotation.ProxyTransactionManagementConfiguration' of type [org.springframework.transaction.annotation.ProxyTransactionManagementConfiguration] is not eligible for getting processed by all BeanPostProcessors (for example: not eligible for auto-proxying)
2020-01-02 23:15:50.537 log message -> Bean 'objectPostProcessor' of type [org.springframework.security.config.annotation.configuration.AutowireBeanFactoryObjectPostProcessor] is not eligible for getting processed by all BeanPostProcessors (for example: not eligible for auto-proxying)
2020-01-02 23:15:50.539 log message -> Bean 'org.springframework.security.access.expression.method.DefaultMethodSecurityExpressionHandler@806996' of type [org.springframework.security.access.expression.method.DefaultMethodSecurityExpressionHandler] is not eligible for getting processed by all BeanPostProcessors (for example: not eligible for auto-proxying)
2020-01-02 23:15:50.540 log message -> Bean 'org.springframework.security.config.annotation.method.configuration.GlobalMethodSecurityConfiguration' of type [org.springframework.security.config.annotation.method.configuration.GlobalMethodSecurityConfiguration] is not eligible for getting processed by all BeanPostProcessors (for example: not eligible for auto-proxying)
2020-01-02 23:15:50.545 log message -> Bean 'methodSecurityMetadataSource' of type [org.springframework.security.access.method.DelegatingMethodSecurityMetadataSource] is not eligible for getting processed by all BeanPostProcessors (for example: not eligible for auto-proxying)
2020-01-02 23:15:50.806 log message -> Tomcat initialized with port(s): 8989 (http)
2020-01-02 23:15:50.819 log message -> Initializing ProtocolHandler ["http-nio-8989"]
2020-01-02 23:15:50.824 log message -> Starting service [Tomcat]
2020-01-02 23:15:50.825 log message -> Starting Servlet engine: [Apache Tomcat/9.0.29]
2020-01-02 23:15:50.899 log message -> Initializing Spring embedded WebApplicationContext
2020-01-02 23:15:50.899 log message -> Root WebApplicationContext: initialization completed in 1332 ms
2020-01-02 23:15:52.427 log message -> Creating filter chain: any request, [org.springframework.security.web.context.request.async.WebAsyncManagerIntegrationFilter@1f179f51, org.springframework.security.web.context.SecurityContextPersistenceFilter@5e37fb82, org.springframework.security.web.header.HeaderWriterFilter@56da96b3, org.springframework.security.web.authentication.logout.LogoutFilter@61a704d3, com.osen.aqms.webSecurity.config.JwtAuthenticationTokenFilter@4c731956, org.springframework.security.web.authentication.UsernamePasswordAuthenticationFilter@2120bed, org.springframework.security.web.savedrequest.RequestCacheAwareFilter@23f60b7d, org.springframework.security.web.servletapi.SecurityContextHolderAwareRequestFilter@750cd36d, org.springframework.security.web.authentication.AnonymousAuthenticationFilter@b428830, org.springframework.security.web.session.SessionManagementFilter@426710f0, org.springframework.security.web.access.ExceptionTranslationFilter@25218a4d, org.springframework.security.web.access.intercept.FilterSecurityInterceptor@7d3bf8db]
2020-01-02 23:15:52.587 log message -> Initializing ExecutorService 'applicationTaskExecutor'
2020-01-02 23:15:52.921 log message -> Initializing ExecutorService 'taskScheduler'
2020-01-02 23:15:52.991 log message -> Starting ProtocolHandler ["http-nio-8989"]
2020-01-02 23:15:53.027 log message -> Tomcat started on port(s): 8989 (http) with context path ''
2020-01-02 23:15:53.030 log message -> Started AqmsWebApplication in 4.009 seconds (JVM running for 4.646)
2020-01-02 23:16:05.704 log message -> Initializing Spring DispatcherServlet 'dispatcherServlet'
2020-01-02 23:16:05.704 log message -> Initializing Servlet 'dispatcherServlet'
2020-01-02 23:16:05.714 log message -> Completed initialization in 10 ms
2020-01-02 23:16:05.863 log message -> Starting without optional epoll library
2020-01-02 23:16:05.865 log message -> Starting without optional kqueue library
2020-01-02 23:16:07.941 log message -> DatebookHikariCP - Starting...
2020-01-02 23:16:08.611 log message -> DatebookHikariCP - Start completed.
2020-01-02 23:35:10.682 log message -> Shutting down ExecutorService 'taskScheduler'
2020-01-02 23:35:10.683 log message -> Shutting down ExecutorService 'applicationTaskExecutor'
2020-01-02 23:35:10.685 log message -> DatebookHikariCP - Shutdown initiated...
2020-01-02 23:35:10.689 log message -> DatebookHikariCP - Shutdown completed.
