2019-12-19 08:45:13.373 log message -> DatebookHikariCP - idleTimeout is close to or more than maxLifetime, disabling it.
2019-12-19 08:49:28.363 log message -> DatebookHikariCP - idleTimeout is close to or more than maxLifetime, disabling it.
2019-12-19 09:07:10.657 log message -> DatebookHikariCP - idleTimeout is close to or more than maxLifetime, disabling it.
2019-12-19 10:15:37.376 log message -> DatebookHikariCP - idleTimeout is close to or more than maxLifetime, disabling it.
2019-12-19 10:40:21.647 log message -> DatebookHikariCP - idleTimeout is close to or more than maxLifetime, disabling it.
2019-12-19 10:53:27.258 log message -> DatebookHikariCP - idleTimeout is close to or more than maxLifetime, disabling it.
2019-12-19 13:32:34.249 log message -> DatebookHikariCP - idleTimeout is close to or more than maxLifetime, disabling it.
2019-12-19 14:44:36.474 log message -> Exception encountered during context initialization - cancelling refresh attempt: org.springframework.beans.factory.BeanCreationException: Error creating bean with name 'requestMappingHandlerMapping' defined in class path resource [org/springframework/boot/autoconfigure/web/servlet/WebMvcAutoConfiguration$EnableWebMvcConfiguration.class]: Invocation of init method failed; nested exception is java.lang.IllegalStateException: Ambiguous mapping. Cannot map 'airDataHistoryController' method 
com.osen.aqms.web.data_air.AirDataHistoryController#getAirHourHistory(AirQueryVo)
to {POST /AQMS/Api/airSensor/history}: There is already 'airDataHistoryController' bean method
com.osen.aqms.web.data_air.AirDataHistoryController#getAirRealtimeHistory(AirQueryVo) mapped.
2019-12-19 14:44:36.510 log message -> The web application [ROOT] appears to have started a thread named [ForkJoinPool.commonPool-worker-1] but has failed to stop it. This is very likely to create a memory leak. Stack trace of thread:
 sun.misc.Unsafe.park(Native Method)
 java.util.concurrent.ForkJoinPool.awaitWork(ForkJoinPool.java:1824)
 java.util.concurrent.ForkJoinPool.runWorker(ForkJoinPool.java:1693)
 java.util.concurrent.ForkJoinWorkerThread.run(ForkJoinWorkerThread.java:157)
2019-12-19 14:44:36.510 log message -> The web application [ROOT] appears to have started a thread named [ForkJoinPool.commonPool-worker-2] but has failed to stop it. This is very likely to create a memory leak. Stack trace of thread:
 sun.misc.Unsafe.park(Native Method)
 java.util.concurrent.ForkJoinPool.awaitWork(ForkJoinPool.java:1824)
 java.util.concurrent.ForkJoinPool.runWorker(ForkJoinPool.java:1693)
 java.util.concurrent.ForkJoinWorkerThread.run(ForkJoinWorkerThread.java:157)
2019-12-19 14:44:36.511 log message -> The web application [ROOT] appears to have started a thread named [ForkJoinPool.commonPool-worker-3] but has failed to stop it. This is very likely to create a memory leak. Stack trace of thread:
 sun.misc.Unsafe.park(Native Method)
 java.util.concurrent.ForkJoinPool.awaitWork(ForkJoinPool.java:1824)
 java.util.concurrent.ForkJoinPool.runWorker(ForkJoinPool.java:1693)
 java.util.concurrent.ForkJoinWorkerThread.run(ForkJoinWorkerThread.java:157)
2019-12-19 14:47:18.499 log message -> DatebookHikariCP - idleTimeout is close to or more than maxLifetime, disabling it.
2019-12-19 14:50:29.359 log message -> DatebookHikariCP - idleTimeout is close to or more than maxLifetime, disabling it.
2019-12-19 15:04:10.345 log message -> DatebookHikariCP - idleTimeout is close to or more than maxLifetime, disabling it.
2019-12-19 17:26:06.018 log message -> DatebookHikariCP - idleTimeout is close to or more than maxLifetime, disabling it.
